2018.11.30 11:42:31-INFO: conversion func starts
2018.11.30 11:42:31-INFO: old value: 0.0
2018.11.30 11:42:31-INFO: no need to conversion
2018.11.30 11:42:31-INFO: conversion func starts
2018.11.30 11:42:31-INFO: old value: 0.0
2018.11.30 11:42:31-INFO: no need to conversion
2018.11.30 11:42:31-INFO: set_flow_unit started
2018.11.30 11:42:31-INFO: self.efficiency_from type: <class 'classes.Flow'>
2018.11.30 11:42:31-DEBUG: trying to convert:  to floats list
2018.11.30 11:42:31-DEBUG: trying to convert:  to floats list
2018.11.30 11:42:31-INFO: changed mode: checking
2018.11.30 11:42:35-INFO: 
data_load started

2018.11.30 11:42:35-INFO: opening file: <_io.TextIOWrapper name='C:/WORKZONE/!Kuba/Pompa/InOut Examples/0_STAND.DAN' mode='r+' encoding='cp1250'>


2018.11.30 11:42:35-INFO: 
dan_load started

2018.11.30 11:42:35-INFO: plik danych generowany wersj¹ 1.0 aplikacji
2018.11.30 11:42:35-INFO: opening file: <_io.TextIOWrapper name='C:/WORKZONE/!Kuba/Pompa/InOut Examples/0_STAND.DAN' mode='r+' encoding='cp1250'>


2018.11.30 11:42:35-DEBUG: id: 1, stored value: 0
2018.11.30 11:42:35-DEBUG: dan_id: 1, value: ['0']
2018.11.30 11:42:35-DEBUG: id: 2, stored value: 1
2018.11.30 11:42:35-DEBUG: dan_id: 2, value: ['1']
2018.11.30 11:42:35-DEBUG: id: 3, stored value: 0
2018.11.30 11:42:35-DEBUG: dan_id: 3, value: ['0']
2018.11.30 11:42:35-DEBUG: id: 4, stored value: 1
2018.11.30 11:42:35-DEBUG: dan_id: 4, value: ['1']
2018.11.30 11:42:35-DEBUG: id: 5, stored value: .95
2018.11.30 11:42:35-DEBUG: dan_id: 5, value: ['.95']
2018.11.30 11:42:35-DEBUG: id: 9, stored value: .30
2018.11.30 11:42:35-DEBUG: dan_id: 9, value: ['.30']
2018.11.30 11:42:35-DEBUG: id: 10, stored value: 145.00
2018.11.30 11:42:35-DEBUG: dan_id: 10, value: ['145.00']
2018.11.30 11:42:35-DEBUG: id: 11, stored value: 143.80
2018.11.30 11:42:35-DEBUG: dan_id: 11, value: ['143.80']
2018.11.30 11:42:35-DEBUG: id: 12, stored value: 140.00
2018.11.30 11:42:35-DEBUG: dan_id: 12, value: ['140.00']
2018.11.30 11:42:35-DEBUG: id: 13, stored value: 138.38
2018.11.30 11:42:35-DEBUG: dan_id: 13, value: ['138.38']
2018.11.30 11:42:35-DEBUG: id: 14, stored value: .00
2018.11.30 11:42:35-DEBUG: dan_id: 14, value: ['.00']
2018.11.30 11:42:35-DEBUG: id: 15, stored value: 148.00
2018.11.30 11:42:35-DEBUG: dan_id: 15, value: ['148.00']
2018.11.30 11:42:35-DEBUG: id: 16, stored value: 148.00
2018.11.30 11:42:35-DEBUG: dan_id: 16, value: ['148.00']
2018.11.30 11:42:35-DEBUG: id: 17, stored value: 2.60
2018.11.30 11:42:35-DEBUG: dan_id: 17, value: ['2.60']
2018.11.30 11:42:35-DEBUG: id: 18, stored value: 1.20
2018.11.30 11:42:35-DEBUG: dan_id: 18, value: ['1.20']
2018.11.30 11:42:35-DEBUG: id: 19, stored value: 1
2018.11.30 11:42:35-DEBUG: dan_id: 19, value: ['1']
2018.11.30 11:42:35-DEBUG: id: 20, stored value: 50
2018.11.30 11:42:35-DEBUG: dan_id: 20, value: ['50']
2018.11.30 11:42:35-DEBUG: id: 21, stored value: 0
2018.11.30 11:42:35-DEBUG: dan_id: 21, value: ['0']
2018.11.30 11:42:35-DEBUG: id: 29, stored value: 150.0
2018.11.30 11:42:35-DEBUG: dan_id: 29, value: ['150.0']
2018.11.30 11:42:35-DEBUG: id: 30, stored value: .08
2018.11.30 11:42:35-DEBUG: dan_id: 30, value: ['.08']
2018.11.30 11:42:35-DEBUG: id: 31, stored value: 1
2018.11.30 11:42:35-DEBUG: dan_id: 31, value: ['1']
2018.11.30 11:42:35-DEBUG: id: 32, stored value: .46
2018.11.30 11:42:35-DEBUG: dan_id: 32, value: ['.46']
2018.11.30 11:42:35-DEBUG: id: 33, stored value: 11.0
2018.11.30 11:42:35-DEBUG: dan_id: 33, value: ['11.0']
2018.11.30 11:42:35-DEBUG: id: 34, stored value: 22.0
2018.11.30 11:42:35-DEBUG: dan_id: 34, value: ['22.0']
2018.11.30 11:42:35-DEBUG: id: 35, stored value: 8.0
2018.11.30 11:42:35-DEBUG: dan_id: 35, value: ['8.0']
2018.11.30 11:42:35-DEBUG: id: 36, stored value: 11
2018.11.30 11:42:35-DEBUG: dan_id: 36, value: ['11']
2018.11.30 11:42:35-DEBUG: id: 37, stored value: 69.4
2018.11.30 11:42:35-DEBUG: dan_id: 37, value: ['69.4']
2018.11.30 11:42:35-DEBUG: id: 37, stored value: 38.9
2018.11.30 11:42:35-DEBUG: dan_id: 37, value: ['69.4', '38.9']
2018.11.30 11:42:35-DEBUG: id: 37, stored value: 36.1
2018.11.30 11:42:35-DEBUG: dan_id: 37, value: ['69.4', '38.9', '36.1']
2018.11.30 11:42:35-DEBUG: id: 37, stored value: 33.3
2018.11.30 11:42:35-DEBUG: dan_id: 37, value: ['69.4', '38.9', '36.1', '33.3']
2018.11.30 11:42:35-DEBUG: id: 37, stored value: 30.6
2018.11.30 11:42:35-DEBUG: dan_id: 37, value: ['69.4', '38.9', '36.1', '33.3', '30.6']
2018.11.30 11:42:35-DEBUG: id: 37, stored value: 27.8
2018.11.30 11:42:35-DEBUG: dan_id: 37, value: ['69.4', '38.9', '36.1', '33.3', '30.6', '27.8']
2018.11.30 11:42:35-DEBUG: id: 37, stored value: 25.0
2018.11.30 11:42:35-DEBUG: dan_id: 37, value: ['69.4', '38.9', '36.1', '33.3', '30.6', '27.8', '25.0']
2018.11.30 11:42:35-DEBUG: id: 37, stored value: 22.2
2018.11.30 11:42:35-DEBUG: dan_id: 37, value: ['69.4', '38.9', '36.1', '33.3', '30.6', '27.8', '25.0', '22.2']
2018.11.30 11:42:35-DEBUG: id: 37, stored value: 19.4
2018.11.30 11:42:35-DEBUG: dan_id: 37, value: ['69.4', '38.9', '36.1', '33.3', '30.6', '27.8', '25.0', '22.2', '19.4']
2018.11.30 11:42:35-DEBUG: id: 37, stored value: 16.7
2018.11.30 11:42:35-DEBUG: dan_id: 37, value: ['69.4', '38.9', '36.1', '33.3', '30.6', '27.8', '25.0', '22.2', '19.4', '16.7']
2018.11.30 11:42:35-DEBUG: id: 37, stored value: .0
2018.11.30 11:42:35-DEBUG: dan_id: 37, value: ['69.4', '38.9', '36.1', '33.3', '30.6', '27.8', '25.0', '22.2', '19.4', '16.7', '.0']
2018.11.30 11:42:35-DEBUG: id: 38, stored value: .0
2018.11.30 11:42:35-DEBUG: dan_id: 38, value: ['.0']
2018.11.30 11:42:35-DEBUG: id: 38, stored value: 12.0
2018.11.30 11:42:35-DEBUG: dan_id: 38, value: ['.0', '12.0']
2018.11.30 11:42:35-DEBUG: id: 38, stored value: 13.0
2018.11.30 11:42:35-DEBUG: dan_id: 38, value: ['.0', '12.0', '13.0']
2018.11.30 11:42:35-DEBUG: id: 38, stored value: 13.8
2018.11.30 11:42:35-DEBUG: dan_id: 38, value: ['.0', '12.0', '13.0', '13.8']
2018.11.30 11:42:35-DEBUG: id: 38, stored value: 14.6
2018.11.30 11:42:35-DEBUG: dan_id: 38, value: ['.0', '12.0', '13.0', '13.8', '14.6']
2018.11.30 11:42:35-DEBUG: id: 38, stored value: 15.3
2018.11.30 11:42:35-DEBUG: dan_id: 38, value: ['.0', '12.0', '13.0', '13.8', '14.6', '15.3']
2018.11.30 11:42:35-DEBUG: id: 38, stored value: 16.0
2018.11.30 11:42:35-DEBUG: dan_id: 38, value: ['.0', '12.0', '13.0', '13.8', '14.6', '15.3', '16.0']
2018.11.30 11:42:35-DEBUG: id: 38, stored value: 16.8
2018.11.30 11:42:35-DEBUG: dan_id: 38, value: ['.0', '12.0', '13.0', '13.8', '14.6', '15.3', '16.0', '16.8']
2018.11.30 11:42:35-DEBUG: id: 38, stored value: 17.5
2018.11.30 11:42:35-DEBUG: dan_id: 38, value: ['.0', '12.0', '13.0', '13.8', '14.6', '15.3', '16.0', '16.8', '17.5']
2018.11.30 11:42:35-DEBUG: id: 38, stored value: 18.0
2018.11.30 11:42:35-DEBUG: dan_id: 38, value: ['.0', '12.0', '13.0', '13.8', '14.6', '15.3', '16.0', '16.8', '17.5', '18.0']
2018.11.30 11:42:35-DEBUG: id: 38, stored value: 21.3
2018.11.30 11:42:35-DEBUG: dan_id: 38, value: ['.0', '12.0', '13.0', '13.8', '14.6', '15.3', '16.0', '16.8', '17.5', '18.0', '21.3']
2018.11.30 11:42:35-DEBUG: id: 39, stored value: 23.5
2018.11.30 11:42:35-DEBUG: dan_id: 39, value: ['23.5']
2018.11.30 11:42:35-DEBUG: id: 40, stored value: 37.0
2018.11.30 11:42:35-DEBUG: dan_id: 40, value: ['37.0']
2018.11.30 11:42:35-DEBUG: id: 41, stored value: 1
2018.11.30 11:42:35-DEBUG: dan_id: 41, value: ['1']
2018.11.30 11:42:35-DEBUG: id: 42, stored value: 732.0
2018.11.30 11:42:35-DEBUG: dan_id: 42, value: ['732.0']
2018.11.30 11:42:35-DEBUG: id: 43, stored value: 200.0
2018.11.30 11:42:35-DEBUG: dan_id: 43, value: ['200.0']
2018.11.30 11:42:35-DEBUG: id: 44, stored value: .05
2018.11.30 11:42:35-DEBUG: dan_id: 44, value: ['.05']
2018.11.30 11:42:35-DEBUG: id: 45, stored value: 1
2018.11.30 11:42:35-DEBUG: dan_id: 45, value: ['1']
2018.11.30 11:42:35-DEBUG: id: 46, stored value: .00
2018.11.30 11:42:35-DEBUG: dan_id: 46, value: ['.00']
2018.11.30 11:42:35-DEBUG: dictionary in progress: {'1': ['0'], '2': ['1'], '3': ['0'], '4': ['1'], '5': ['.95'], '9': ['.30'], '10': ['145.00'], '11': ['143.80'], '12': ['140.00'], '13': ['138.38'], '14': ['.00'], '15': ['148.00'], '16': ['148.00'], '17': ['2.60'], '18': ['1.20'], '19': ['1'], '20': ['50'], '21': ['0'], '29': ['150.0'], '30': ['.08'], '31': ['1'], '32': ['.46'], '33': ['11.0'], '34': ['22.0'], '35': ['8.0'], '36': ['11'], '37': ['69.4', '38.9', '36.1', '33.3', '30.6', '27.8', '25.0', '22.2', '19.4', '16.7', '.0'], '38': ['.0', '12.0', '13.0', '13.8', '14.6', '15.3', '16.0', '16.8', '17.5', '18.0', '21.3'], '39': ['23.5'], '40': ['37.0'], '41': ['1'], '42': ['732.0'], '43': ['200.0'], '44': ['.05'], '45': ['1'], '46': ['.00']}
2018.11.30 11:42:35-DEBUG: dictionary at finish: {'1': 0.0, '2': 1.0, '3': 0.0, '4': 1.0, '5': 0.95, '9': 0.3, '10': 145.0, '11': 143.8, '12': 140.0, '13': 138.38, '14': 0.0, '15': 148.0, '16': 148.0, '17': 2.6, '18': 1.2, '19': 1.0, '20': 50.0, '21': 0.0, '29': 150.0, '30': 0.08, '31': 1.0, '32': 0.46, '33': 11.0, '34': 22.0, '35': 8.0, '36': 11.0, '37': [69.4, 38.9, 36.1, 33.3, 30.6, 27.8, 25.0, 22.2, 19.4, 16.7, 0.0], '38': [0.0, 12.0, 13.0, 13.8, 14.6, 15.3, 16.0, 16.8, 17.5, 18.0, 21.3], '39': 23.5, '40': 37.0, '41': 1.0, '42': 732.0, '43': 200.0, '44': 0.05, '45': 1.0, '46': 0.0}
2018.11.30 11:42:35-DEBUG: started setting shape
2018.11.30 11:42:35-DEBUG: new shape: round
2018.11.30 11:42:35-DEBUG: changed shape to round
2018.11.30 11:42:35-INFO: conversion func starts
2018.11.30 11:42:35-INFO: old value: 0.0
2018.11.30 11:42:35-INFO: no need to conversion
2018.11.30 11:42:35-INFO: conversion func starts
2018.11.30 11:42:35-INFO: old value: 0.0
2018.11.30 11:42:35-INFO: no need to conversion
2018.11.30 11:42:35-INFO: conversion func starts
2018.11.30 11:42:35-INFO: old value: 22.0
2018.11.30 11:42:35-INFO: no need to conversion
2018.11.30 11:42:35-INFO: conversion func starts
2018.11.30 11:42:35-INFO: old value: 0.0
2018.11.30 11:42:35-INFO: no need to conversion
2018.11.30 11:42:35-DEBUG: trying to convert: 0.46 to floats list
2018.11.30 11:42:35-INFO: conversion func starts
2018.11.30 11:42:35-INFO: old value: 0.0
2018.11.30 11:42:35-INFO: no need to conversion
2018.11.30 11:42:35-INFO: conversion func starts
2018.11.30 11:42:35-INFO: old value: 0.0
2018.11.30 11:42:35-INFO: no need to conversion
2018.11.30 11:42:35-INFO: conversion func starts
2018.11.30 11:42:35-INFO: old value: 0.0
2018.11.30 11:42:35-INFO: no need to conversion
2018.11.30 11:42:35-INFO: conversion func starts
2018.11.30 11:42:35-INFO: old value: 23.5
2018.11.30 11:42:35-INFO: no need to conversion
2018.11.30 11:42:35-DEBUG: Add point method started
2018.11.30 11:42:35-DEBUG: types: flow: <class 'float'>, lift: <class 'float'>
2018.11.30 11:42:35-DEBUG: types: flow: <class 'float'>, lift: <class 'float'>
2018.11.30 11:42:35-INFO: sort_points started
2018.11.30 11:42:35-DEBUG: id numbers raised: [('69.4', 'I001')]
2018.11.30 11:42:35-INFO: sort_points ended
2018.11.30 11:42:35-DEBUG: {'69.4': 0.0}
2018.11.30 11:42:35-DEBUG: x: [69.4], y:[0.0]
2018.11.30 11:42:35-DEBUG: arr x: [69.4], arr y:[0.]
2018.11.30 11:42:35-DEBUG: arr x: [69.4], fit y: 
0
2018.11.30 11:42:35-DEBUG: this parameter is undefined: Numeric(<__main__.Application object at 0x08EE1AD0>, 0.0, 28, False);0.0
2018.11.30 11:42:35-DEBUG: is pipes defined: False
2018.11.30 11:42:35-DEBUG: char points: {'I001': (69.4, 0.0)}
2018.11.30 11:42:35-DEBUG: Add point method started
2018.11.30 11:42:35-DEBUG: types: flow: <class 'float'>, lift: <class 'float'>
2018.11.30 11:42:35-DEBUG: types: flow: <class 'float'>, lift: <class 'float'>
2018.11.30 11:42:35-INFO: sort_points started
2018.11.30 11:42:35-DEBUG: id numbers raised: [('69.4', 'I001'), ('38.9', 'I002')]
2018.11.30 11:42:35-INFO: sort_points ended
2018.11.30 11:42:35-DEBUG: {'69.4': 0.0, '38.9': 12.0}
2018.11.30 11:42:35-DEBUG: x: [38.9, 69.4], y:[12.0, 0.0]
2018.11.30 11:42:35-DEBUG: arr x: [38.9 69.4], arr y:[12.  0.]
2018.11.30 11:42:35-DEBUG: arr x: [38.9 69.4], fit y:           5           4             3             2
-4.41e-09 x - 2.5e-07 x - 1.045e-05 x + 8.061e-05 x + 0.08344 x + 10.21
2018.11.30 11:42:35-DEBUG: this parameter is undefined: Numeric(<__main__.Application object at 0x08EE1AD0>, 0.0, 28, False);0.0
2018.11.30 11:42:35-DEBUG: is pipes defined: False
2018.11.30 11:42:35-DEBUG: char points: {'I001': (69.4, 0.0), 'I002': (38.9, 12.0)}
2018.11.30 11:42:35-DEBUG: Add point method started
2018.11.30 11:42:35-DEBUG: types: flow: <class 'float'>, lift: <class 'float'>
2018.11.30 11:42:35-DEBUG: types: flow: <class 'float'>, lift: <class 'float'>
2018.11.30 11:42:35-INFO: sort_points started
2018.11.30 11:42:35-DEBUG: id numbers raised: [('38.9', 'I002'), ('69.4', 'I001'), ('36.1', 'I003')]
2018.11.30 11:42:35-INFO: sort_points ended
2018.11.30 11:42:35-DEBUG: {'69.4': 0.0, '38.9': 12.0, '36.1': 13.0}
2018.11.30 11:42:35-DEBUG: x: [36.1, 38.9, 69.4], y:[13.0, 12.0, 0.0]
2018.11.30 11:42:35-DEBUG: arr x: [36.1 38.9 69.4], arr y:[13. 12.  0.]
2018.11.30 11:42:35-DEBUG: arr x: [36.1 38.9 69.4], fit y:           5             4             3            2
5.519e-09 x - 1.681e-08 x - 3.063e-05 x - 0.003048 x - 0.05042 x + 19.92
2018.11.30 11:42:35-DEBUG: this parameter is undefined: Numeric(<__main__.Application object at 0x08EE1AD0>, 0.0, 28, False);0.0
2018.11.30 11:42:35-DEBUG: is pipes defined: False
2018.11.30 11:42:35-DEBUG: char points: {'I001': (69.4, 0.0), 'I002': (38.9, 12.0), 'I003': (36.1, 13.0)}
2018.11.30 11:42:35-DEBUG: Add point method started
2018.11.30 11:42:35-DEBUG: types: flow: <class 'float'>, lift: <class 'float'>
2018.11.30 11:42:35-DEBUG: types: flow: <class 'float'>, lift: <class 'float'>
2018.11.30 11:42:35-INFO: sort_points started
2018.11.30 11:42:35-DEBUG: id numbers raised: [('36.1', 'I003'), ('38.9', 'I002'), ('69.4', 'I001'), ('33.3', 'I004')]
2018.11.30 11:42:35-INFO: sort_points ended
2018.11.30 11:42:35-DEBUG: {'69.4': 0.0, '38.9': 12.0, '36.1': 13.0, '33.3': 13.8}
2018.11.30 11:42:35-DEBUG: x: [33.3, 36.1, 38.9, 69.4], y:[13.8, 13.0, 12.0, 0.0]
2018.11.30 11:42:35-DEBUG: arr x: [33.3 36.1 38.9 69.4], arr y:[13.8 13.  12.   0. ]
2018.11.30 11:42:35-DEBUG: arr x: [33.3 36.1 38.9 69.4], fit y:           5             4             3            2
3.003e-08 x - 7.323e-07 x - 0.0001521 x - 0.004724 x + 0.4959 x + 7.81
2018.11.30 11:42:35-DEBUG: this parameter is undefined: Numeric(<__main__.Application object at 0x08EE1AD0>, 0.0, 28, False);0.0
2018.11.30 11:42:35-DEBUG: is pipes defined: False
2018.11.30 11:42:35-DEBUG: char points: {'I001': (69.4, 0.0), 'I002': (38.9, 12.0), 'I003': (36.1, 13.0), 'I004': (33.3, 13.8)}
2018.11.30 11:42:35-DEBUG: Add point method started
2018.11.30 11:42:35-DEBUG: types: flow: <class 'float'>, lift: <class 'float'>
2018.11.30 11:42:35-DEBUG: types: flow: <class 'float'>, lift: <class 'float'>
2018.11.30 11:42:35-INFO: sort_points started
2018.11.30 11:42:35-DEBUG: id numbers raised: [('33.3', 'I004'), ('36.1', 'I003'), ('38.9', 'I002'), ('69.4', 'I001'), ('30.6', 'I005')]
2018.11.30 11:42:35-INFO: sort_points ended
2018.11.30 11:42:35-DEBUG: {'69.4': 0.0, '38.9': 12.0, '36.1': 13.0, '33.3': 13.8, '30.6': 14.6}
2018.11.30 11:42:35-DEBUG: x: [30.6, 33.3, 36.1, 38.9, 69.4], y:[14.6, 13.8, 13.0, 12.0, 0.0]
2018.11.30 11:42:35-DEBUG: arr x: [30.6 33.3 36.1 38.9 69.4], arr y:[14.6 13.8 13.  12.   0. ]
2018.11.30 11:42:35-DEBUG: arr x: [30.6 33.3 36.1 38.9 69.4], fit y:           5             4            3          2
5.049e-07 x - 5.125e-05 x - 0.000747 x + 0.2311 x - 8.714 x + 117.7
2018.11.30 11:42:35-DEBUG: this parameter is undefined: Numeric(<__main__.Application object at 0x08EE1AD0>, 0.0, 28, False);0.0
2018.11.30 11:42:35-DEBUG: is pipes defined: False
2018.11.30 11:42:35-DEBUG: char points: {'I001': (69.4, 0.0), 'I002': (38.9, 12.0), 'I003': (36.1, 13.0), 'I004': (33.3, 13.8), 'I005': (30.6, 14.6)}
2018.11.30 11:42:35-DEBUG: Add point method started
2018.11.30 11:42:35-DEBUG: types: flow: <class 'float'>, lift: <class 'float'>
2018.11.30 11:42:35-DEBUG: types: flow: <class 'float'>, lift: <class 'float'>
2018.11.30 11:42:35-INFO: sort_points started
2018.11.30 11:42:35-DEBUG: id numbers raised: [('30.6', 'I005'), ('33.3', 'I004'), ('36.1', 'I003'), ('38.9', 'I002'), ('69.4', 'I001'), ('27.8', 'I006')]
2018.11.30 11:42:35-INFO: sort_points ended
2018.11.30 11:42:35-DEBUG: {'69.4': 0.0, '38.9': 12.0, '36.1': 13.0, '33.3': 13.8, '30.6': 14.6, '27.8': 15.3}
2018.11.30 11:42:35-DEBUG: x: [27.8, 30.6, 33.3, 36.1, 38.9, 69.4], y:[15.3, 14.6, 13.8, 13.0, 12.0, 0.0]
2018.11.30 11:42:35-DEBUG: arr x: [27.8 30.6 33.3 36.1 38.9 69.4], arr y:[15.3 14.6 13.8 13.  12.   0. ]
2018.11.30 11:42:35-DEBUG: arr x: [27.8 30.6 33.3 36.1 38.9 69.4], fit y:           5            4          3        2
7.824e-06 x - 0.001576 x + 0.1226 x - 4.65 x + 86.16 x - 609.2
2018.11.30 11:42:35-DEBUG: this parameter is undefined: Numeric(<__main__.Application object at 0x08EE1AD0>, 0.0, 28, False);0.0
2018.11.30 11:42:35-DEBUG: is pipes defined: False
2018.11.30 11:42:35-DEBUG: char points: {'I001': (69.4, 0.0), 'I002': (38.9, 12.0), 'I003': (36.1, 13.0), 'I004': (33.3, 13.8), 'I005': (30.6, 14.6), 'I006': (27.8, 15.3)}
2018.11.30 11:42:35-DEBUG: Add point method started
2018.11.30 11:42:35-DEBUG: types: flow: <class 'float'>, lift: <class 'float'>
2018.11.30 11:42:35-DEBUG: types: flow: <class 'float'>, lift: <class 'float'>
2018.11.30 11:42:35-INFO: sort_points started
2018.11.30 11:42:35-DEBUG: id numbers raised: [('27.8', 'I006'), ('30.6', 'I005'), ('33.3', 'I004'), ('36.1', 'I003'), ('38.9', 'I002'), ('69.4', 'I001'), ('25.0', 'I007')]
2018.11.30 11:42:35-INFO: sort_points ended
2018.11.30 11:42:35-DEBUG: {'69.4': 0.0, '38.9': 12.0, '36.1': 13.0, '33.3': 13.8, '30.6': 14.6, '27.8': 15.3, '25.0': 16.0}
2018.11.30 11:42:35-DEBUG: x: [25.0, 27.8, 30.6, 33.3, 36.1, 38.9, 69.4], y:[16.0, 15.3, 14.6, 13.8, 13.0, 12.0, 0.0]
2018.11.30 11:42:35-DEBUG: arr x: [25.  27.8 30.6 33.3 36.1 38.9 69.4], arr y:[16.  15.3 14.6 13.8 13.  12.   0. ]
2018.11.30 11:42:35-DEBUG: arr x: [25.  27.8 30.6 33.3 36.1 38.9 69.4], fit y:           5            4           3          2
9.881e-07 x - 0.000187 x + 0.01352 x - 0.4758 x + 7.967 x - 33.68
2018.11.30 11:42:35-DEBUG: this parameter is undefined: Numeric(<__main__.Application object at 0x08EE1AD0>, 0.0, 28, False);0.0
2018.11.30 11:42:35-DEBUG: is pipes defined: False
2018.11.30 11:42:35-DEBUG: char points: {'I001': (69.4, 0.0), 'I002': (38.9, 12.0), 'I003': (36.1, 13.0), 'I004': (33.3, 13.8), 'I005': (30.6, 14.6), 'I006': (27.8, 15.3), 'I007': (25.0, 16.0)}
2018.11.30 11:42:35-DEBUG: Add point method started
2018.11.30 11:42:35-DEBUG: types: flow: <class 'float'>, lift: <class 'float'>
2018.11.30 11:42:35-DEBUG: types: flow: <class 'float'>, lift: <class 'float'>
2018.11.30 11:42:35-INFO: sort_points started
2018.11.30 11:42:35-DEBUG: id numbers raised: [('25.0', 'I007'), ('27.8', 'I006'), ('30.6', 'I005'), ('33.3', 'I004'), ('36.1', 'I003'), ('38.9', 'I002'), ('69.4', 'I001'), ('22.2', 'I008')]
2018.11.30 11:42:35-INFO: sort_points ended
2018.11.30 11:42:35-DEBUG: {'69.4': 0.0, '38.9': 12.0, '36.1': 13.0, '33.3': 13.8, '30.6': 14.6, '27.8': 15.3, '25.0': 16.0, '22.2': 16.8}
2018.11.30 11:42:35-DEBUG: x: [22.2, 25.0, 27.8, 30.6, 33.3, 36.1, 38.9, 69.4], y:[16.8, 16.0, 15.3, 14.6, 13.8, 13.0, 12.0, 0.0]
2018.11.30 11:42:35-DEBUG: arr x: [22.2 25.  27.8 30.6 33.3 36.1 38.9 69.4], arr y:[16.8 16.  15.3 14.6 13.8 13.  12.   0. ]
2018.11.30 11:42:35-DEBUG: arr x: [22.2 25.  27.8 30.6 33.3 36.1 38.9 69.4], fit y:            5             4            3          2
-1.235e-07 x + 3.295e-05 x - 0.003213 x + 0.1415 x - 3.129 x + 44.37
2018.11.30 11:42:35-DEBUG: this parameter is undefined: Numeric(<__main__.Application object at 0x08EE1AD0>, 0.0, 28, False);0.0
2018.11.30 11:42:35-DEBUG: is pipes defined: False
2018.11.30 11:42:35-DEBUG: char points: {'I001': (69.4, 0.0), 'I002': (38.9, 12.0), 'I003': (36.1, 13.0), 'I004': (33.3, 13.8), 'I005': (30.6, 14.6), 'I006': (27.8, 15.3), 'I007': (25.0, 16.0), 'I008': (22.2, 16.8)}
2018.11.30 11:42:35-DEBUG: Add point method started
2018.11.30 11:42:35-DEBUG: types: flow: <class 'float'>, lift: <class 'float'>
2018.11.30 11:42:35-DEBUG: types: flow: <class 'float'>, lift: <class 'float'>
2018.11.30 11:42:35-INFO: sort_points started
2018.11.30 11:42:35-DEBUG: id numbers raised: [('22.2', 'I008'), ('25.0', 'I007'), ('27.8', 'I006'), ('30.6', 'I005'), ('33.3', 'I004'), ('36.1', 'I003'), ('38.9', 'I002'), ('69.4', 'I001'), ('19.4', 'I009')]
2018.11.30 11:42:35-INFO: sort_points ended
2018.11.30 11:42:36-DEBUG: {'69.4': 0.0, '38.9': 12.0, '36.1': 13.0, '33.3': 13.8, '30.6': 14.6, '27.8': 15.3, '25.0': 16.0, '22.2': 16.8, '19.4': 17.5}
2018.11.30 11:42:36-DEBUG: x: [19.4, 22.2, 25.0, 27.8, 30.6, 33.3, 36.1, 38.9, 69.4], y:[17.5, 16.8, 16.0, 15.3, 14.6, 13.8, 13.0, 12.0, 0.0]
2018.11.30 11:42:36-DEBUG: arr x: [19.4 22.2 25.  27.8 30.6 33.3 36.1 38.9 69.4], arr y:[17.5 16.8 16.  15.3 14.6 13.8 13.  12.   0. ]
2018.11.30 11:42:36-DEBUG: arr x: [19.4 22.2 25.  27.8 30.6 33.3 36.1 38.9 69.4], fit y:           5             4            3         2
5.347e-07 x - 9.379e-05 x + 0.006108 x - 0.189 x + 2.548 x + 6.414
2018.11.30 11:42:36-DEBUG: this parameter is undefined: Numeric(<__main__.Application object at 0x08EE1AD0>, 0.0, 28, False);0.0
2018.11.30 11:42:36-DEBUG: is pipes defined: False
2018.11.30 11:42:36-DEBUG: char points: {'I001': (69.4, 0.0), 'I002': (38.9, 12.0), 'I003': (36.1, 13.0), 'I004': (33.3, 13.8), 'I005': (30.6, 14.6), 'I006': (27.8, 15.3), 'I007': (25.0, 16.0), 'I008': (22.2, 16.8), 'I009': (19.4, 17.5)}
2018.11.30 11:42:36-DEBUG: Add point method started
2018.11.30 11:42:36-DEBUG: types: flow: <class 'float'>, lift: <class 'float'>
2018.11.30 11:42:36-DEBUG: types: flow: <class 'float'>, lift: <class 'float'>
2018.11.30 11:42:36-INFO: sort_points started
2018.11.30 11:42:36-DEBUG: id numbers raised: [('19.4', 'I009'), ('22.2', 'I008'), ('25.0', 'I007'), ('27.8', 'I006'), ('30.6', 'I005'), ('33.3', 'I004'), ('36.1', 'I003'), ('38.9', 'I002'), ('69.4', 'I001'), ('16.7', 'I00A')]
2018.11.30 11:42:36-INFO: sort_points ended
2018.11.30 11:42:36-DEBUG: {'69.4': 0.0, '38.9': 12.0, '36.1': 13.0, '33.3': 13.8, '30.6': 14.6, '27.8': 15.3, '25.0': 16.0, '22.2': 16.8, '19.4': 17.5, '16.7': 18.0}
2018.11.30 11:42:36-DEBUG: x: [16.7, 19.4, 22.2, 25.0, 27.8, 30.6, 33.3, 36.1, 38.9, 69.4], y:[18.0, 17.5, 16.8, 16.0, 15.3, 14.6, 13.8, 13.0, 12.0, 0.0]
2018.11.30 11:42:36-DEBUG: arr x: [16.7 19.4 22.2 25.  27.8 30.6 33.3 36.1 38.9 69.4], arr y:[18.  17.5 16.8 16.  15.3 14.6 13.8 13.  12.   0. ]
2018.11.30 11:42:36-DEBUG: arr x: [16.7 19.4 22.2 25.  27.8 30.6 33.3 36.1 38.9 69.4], fit y:           5             4            3          2
7.047e-07 x - 0.0001256 x + 0.008368 x - 0.2658 x + 3.803 x - 1.512
2018.11.30 11:42:36-DEBUG: this parameter is undefined: Numeric(<__main__.Application object at 0x08EE1AD0>, 0.0, 28, False);0.0
2018.11.30 11:42:36-DEBUG: is pipes defined: False
2018.11.30 11:42:36-DEBUG: char points: {'I001': (69.4, 0.0), 'I002': (38.9, 12.0), 'I003': (36.1, 13.0), 'I004': (33.3, 13.8), 'I005': (30.6, 14.6), 'I006': (27.8, 15.3), 'I007': (25.0, 16.0), 'I008': (22.2, 16.8), 'I009': (19.4, 17.5), 'I00A': (16.7, 18.0)}
2018.11.30 11:42:36-DEBUG: Add point method started
2018.11.30 11:42:36-DEBUG: types: flow: <class 'float'>, lift: <class 'float'>
2018.11.30 11:42:36-DEBUG: types: flow: <class 'float'>, lift: <class 'float'>
2018.11.30 11:42:36-INFO: sort_points started
2018.11.30 11:42:36-DEBUG: id numbers raised: [('16.7', 'I00A'), ('19.4', 'I009'), ('22.2', 'I008'), ('25.0', 'I007'), ('27.8', 'I006'), ('30.6', 'I005'), ('33.3', 'I004'), ('36.1', 'I003'), ('38.9', 'I002'), ('69.4', 'I001'), ('0.0', 'I00B')]
2018.11.30 11:42:36-INFO: sort_points ended
2018.11.30 11:42:36-DEBUG: {'69.4': 0.0, '38.9': 12.0, '36.1': 13.0, '33.3': 13.8, '30.6': 14.6, '27.8': 15.3, '25.0': 16.0, '22.2': 16.8, '19.4': 17.5, '16.7': 18.0, '0.0': 21.3}
2018.11.30 11:42:36-DEBUG: x: [0.0, 16.7, 19.4, 22.2, 25.0, 27.8, 30.6, 33.3, 36.1, 38.9, 69.4], y:[21.3, 18.0, 17.5, 16.8, 16.0, 15.3, 14.6, 13.8, 13.0, 12.0, 0.0]
2018.11.30 11:42:36-DEBUG: arr x: [ 0.  16.7 19.4 22.2 25.  27.8 30.6 33.3 36.1 38.9 69.4], arr y:[21.3 18.  17.5 16.8 16.  15.3 14.6 13.8 13.  12.   0. ]
2018.11.30 11:42:36-DEBUG: arr x: [ 0.  16.7 19.4 22.2 25.  27.8 30.6 33.3 36.1 38.9 69.4], fit y:           5             4             3            2
4.176e-08 x - 6.127e-06 x + 0.0002964 x - 0.007659 x - 0.1238 x + 21.3
2018.11.30 11:42:36-DEBUG: this parameter is undefined: Numeric(<__main__.Application object at 0x08EE1AD0>, 0.0, 28, False);0.0
2018.11.30 11:42:36-DEBUG: is pipes defined: False
2018.11.30 11:42:36-DEBUG: char points: {'I001': (69.4, 0.0), 'I002': (38.9, 12.0), 'I003': (36.1, 13.0), 'I004': (33.3, 13.8), 'I005': (30.6, 14.6), 'I006': (27.8, 15.3), 'I007': (25.0, 16.0), 'I008': (22.2, 16.8), 'I009': (19.4, 17.5), 'I00A': (16.7, 18.0), 'I00B': (0.0, 21.3)}
2018.11.30 11:42:46-INFO: get_coords started
2018.11.30 11:42:46-DEBUG: Add point method started
2018.11.30 11:42:46-DEBUG: types: flow: <class 'str'>, lift: <class 'str'>
2018.11.30 11:42:46-DEBUG: types: flow: <class 'float'>, lift: <class 'float'>
2018.11.30 11:42:46-INFO: sort_points started
2018.11.30 11:42:46-DEBUG: id numbers raised: [('0.0', 'I00B'), ('16.7', 'I00A'), ('19.4', 'I009'), ('22.2', 'I008'), ('25.0', 'I007'), ('27.8', 'I006'), ('30.6', 'I005'), ('33.3', 'I004'), ('36.1', 'I003'), ('38.9', 'I002'), ('69.4', 'I001'), ('0.0', 'I00C')]
2018.11.30 11:42:46-INFO: sort_points ended
2018.11.30 11:42:46-DEBUG: {'69.4': 0.0, '38.9': 12.0, '36.1': 13.0, '33.3': 13.8, '30.6': 14.6, '27.8': 15.3, '25.0': 16.0, '22.2': 16.8, '19.4': 17.5, '16.7': 18.0, '0.0': 0.0}
2018.11.30 11:42:46-DEBUG: x: [0.0, 0.0, 16.7, 19.4, 22.2, 25.0, 27.8, 30.6, 33.3, 36.1, 38.9, 69.4], y:[0.0, 0.0, 18.0, 17.5, 16.8, 16.0, 15.3, 14.6, 13.8, 13.0, 12.0, 0.0]
2018.11.30 11:42:46-DEBUG: arr x: [ 0.   0.  16.7 19.4 22.2 25.  27.8 30.6 33.3 36.1 38.9 69.4], arr y:[ 0.   0.  18.  17.5 16.8 16.  15.3 14.6 13.8 13.  12.   0. ]
2018.11.30 11:42:46-DEBUG: arr x: [ 0.   0.  16.7 19.4 22.2 25.  27.8 30.6 33.3 36.1 38.9 69.4], fit y:           5             4            3          2
6.608e-07 x - 0.0001177 x + 0.007833 x - 0.2486 x + 3.543 x - 2.293e-05
2018.11.30 11:42:46-DEBUG: is pipes defined: True
2018.11.30 11:42:46-INFO: pipes loss: 9.199999999999989
2018.11.30 11:42:46-INFO: pipes loss: 9.199999999999989
2018.11.30 11:42:46-INFO: pipes loss: 9.201551524589965
2018.11.30 11:42:46-INFO: pipes loss: 9.202093771001756
2018.11.30 11:42:46-INFO: pipes loss: 9.202741774100614
2018.11.30 11:42:46-INFO: pipes loss: 9.203477008385857
2018.11.30 11:42:46-INFO: pipes loss: 9.204299473857484
2018.11.30 11:42:46-INFO: pipes loss: 9.205209170515493
2018.11.30 11:42:46-INFO: pipes loss: 9.206168991726397
2018.11.30 11:42:46-INFO: pipes loss: 9.207250035357664
2018.11.30 11:42:46-INFO: pipes loss: 9.208418310175315
2018.11.30 11:42:46-INFO: pipes loss: 9.22679443857496
2018.11.30 11:42:46-DEBUG: x: [0.0, 0.0, 16.7, 19.4, 22.2, 25.0, 27.8, 30.6, 33.3, 36.1, 38.9, 69.4], y:[9.199999999999989, 9.199999999999989, 9.201551524589965, 9.202093771001756, 9.202741774100614, 9.203477008385857, 9.204299473857484, 9.205209170515493, 9.206168991726397, 9.207250035357664, 9.208418310175315, 9.22679443857496]
2018.11.30 11:42:46-DEBUG: arr x: [ 0.   0.  16.7 19.4 22.2 25.  27.8 30.6 33.3 36.1 38.9 69.4], arr y:[9.2        9.2        9.20155152 9.20209377 9.20274177 9.20347701
 9.20429947 9.20520917 9.20616899 9.20725004 9.20841831 9.22679444]
2018.11.30 11:42:46-DEBUG: arr x: [ 0.   0.  16.7 19.4 22.2 25.  27.8 30.6 33.3 36.1 38.9 69.4], fit y:           5             4             3             2
4.572e-21 x - 6.957e-19 x + 3.684e-17 x + 5.563e-06 x + 7.242e-15 x + 9.2
2018.11.30 11:42:46-DEBUG: char points: {'I001': (69.4, 0.0), 'I002': (38.9, 12.0), 'I003': (36.1, 13.0), 'I004': (33.3, 13.8), 'I005': (30.6, 14.6), 'I006': (27.8, 15.3), 'I007': (25.0, 16.0), 'I008': (22.2, 16.8), 'I009': (19.4, 17.5), 'I00A': (16.7, 18.0), 'I00B': (0.0, 21.3), 'I00C': (0.0, 0.0)}
2018.11.30 11:42:46-INFO: sort_points started
2018.11.30 11:42:46-DEBUG: id numbers raised: [('0.0', 'I00B'), ('0.0', 'I00C'), ('16.7', 'I00A'), ('19.4', 'I009'), ('22.2', 'I008'), ('25.0', 'I007'), ('27.8', 'I006'), ('30.6', 'I005'), ('33.3', 'I004'), ('36.1', 'I003'), ('38.9', 'I002'), ('69.4', 'I001')]
2018.11.30 11:42:46-INFO: sort_points ended
2018.11.30 11:42:46-DEBUG: {'69.4': 0.0, '38.9': 12.0, '36.1': 13.0, '33.3': 13.8, '30.6': 14.6, '27.8': 15.3, '25.0': 16.0, '22.2': 16.8, '19.4': 17.5, '16.7': 18.0, '0.0': 0.0}
2018.11.30 11:42:46-DEBUG: x: [0.0, 0.0, 16.7, 19.4, 22.2, 25.0, 27.8, 30.6, 33.3, 36.1, 38.9, 69.4], y:[0.0, 0.0, 18.0, 17.5, 16.8, 16.0, 15.3, 14.6, 13.8, 13.0, 12.0, 0.0]
2018.11.30 11:42:46-DEBUG: arr x: [ 0.   0.  16.7 19.4 22.2 25.  27.8 30.6 33.3 36.1 38.9 69.4], arr y:[ 0.   0.  18.  17.5 16.8 16.  15.3 14.6 13.8 13.  12.   0. ]
2018.11.30 11:42:46-DEBUG: arr x: [ 0.   0.  16.7 19.4 22.2 25.  27.8 30.6 33.3 36.1 38.9 69.4], fit y:           5             4            3          2
6.608e-07 x - 0.0001177 x + 0.007833 x - 0.2486 x + 3.543 x - 2.293e-05
2018.11.30 11:42:46-DEBUG: is pipes defined: True
2018.11.30 11:42:46-INFO: pipes loss: 9.199999999999989
2018.11.30 11:42:46-INFO: pipes loss: 9.199999999999989
2018.11.30 11:42:46-INFO: pipes loss: 9.201551524589965
2018.11.30 11:42:46-INFO: pipes loss: 9.202093771001756
2018.11.30 11:42:46-INFO: pipes loss: 9.202741774100614
2018.11.30 11:42:46-INFO: pipes loss: 9.203477008385857
2018.11.30 11:42:46-INFO: pipes loss: 9.204299473857484
2018.11.30 11:42:46-INFO: pipes loss: 9.205209170515493
2018.11.30 11:42:46-INFO: pipes loss: 9.206168991726397
2018.11.30 11:42:46-INFO: pipes loss: 9.207250035357664
2018.11.30 11:42:46-INFO: pipes loss: 9.208418310175315
2018.11.30 11:42:46-INFO: pipes loss: 9.22679443857496
2018.11.30 11:42:46-DEBUG: x: [0.0, 0.0, 16.7, 19.4, 22.2, 25.0, 27.8, 30.6, 33.3, 36.1, 38.9, 69.4], y:[9.199999999999989, 9.199999999999989, 9.201551524589965, 9.202093771001756, 9.202741774100614, 9.203477008385857, 9.204299473857484, 9.205209170515493, 9.206168991726397, 9.207250035357664, 9.208418310175315, 9.22679443857496]
2018.11.30 11:42:46-DEBUG: arr x: [ 0.   0.  16.7 19.4 22.2 25.  27.8 30.6 33.3 36.1 38.9 69.4], arr y:[9.2        9.2        9.20155152 9.20209377 9.20274177 9.20347701
 9.20429947 9.20520917 9.20616899 9.20725004 9.20841831 9.22679444]
2018.11.30 11:42:46-DEBUG: arr x: [ 0.   0.  16.7 19.4 22.2 25.  27.8 30.6 33.3 36.1 38.9 69.4], fit y:           5             4             3             2
4.572e-21 x - 6.957e-19 x + 3.684e-17 x + 5.563e-06 x + 7.242e-15 x + 9.2
2018.11.30 11:42:48-INFO: pump_delete_button started
2018.11.30 11:42:48-INFO: delete_point started
2018.11.30 11:42:48-DEBUG: point to delete: (0.0, 0.0)
2018.11.30 11:42:48-DEBUG: actual dict: {'I001': (69.4, 0.0), 'I002': (38.9, 12.0), 'I003': (36.1, 13.0), 'I004': (33.3, 13.8), 'I005': (30.6, 14.6), 'I006': (27.8, 15.3), 'I007': (25.0, 16.0), 'I008': (22.2, 16.8), 'I009': (19.4, 17.5), 'I00A': (16.7, 18.0), 'I00B': (0.0, 21.3)}
2018.11.30 11:42:48-INFO: sort_points started
2018.11.30 11:42:48-DEBUG: id numbers raised: [('0.0', 'I00B'), ('16.7', 'I00A'), ('19.4', 'I009'), ('22.2', 'I008'), ('25.0', 'I007'), ('27.8', 'I006'), ('30.6', 'I005'), ('33.3', 'I004'), ('36.1', 'I003'), ('38.9', 'I002'), ('69.4', 'I001')]
2018.11.30 11:42:48-INFO: sort_points ended
2018.11.30 11:42:48-DEBUG: {'69.4': 0.0, '38.9': 12.0, '36.1': 13.0, '33.3': 13.8, '30.6': 14.6, '27.8': 15.3, '25.0': 16.0, '22.2': 16.8, '19.4': 17.5, '16.7': 18.0, '0.0': 21.3}
2018.11.30 11:42:48-DEBUG: x: [0.0, 16.7, 19.4, 22.2, 25.0, 27.8, 30.6, 33.3, 36.1, 38.9, 69.4], y:[21.3, 18.0, 17.5, 16.8, 16.0, 15.3, 14.6, 13.8, 13.0, 12.0, 0.0]
2018.11.30 11:42:48-DEBUG: arr x: [ 0.  16.7 19.4 22.2 25.  27.8 30.6 33.3 36.1 38.9 69.4], arr y:[21.3 18.  17.5 16.8 16.  15.3 14.6 13.8 13.  12.   0. ]
2018.11.30 11:42:48-DEBUG: arr x: [ 0.  16.7 19.4 22.2 25.  27.8 30.6 33.3 36.1 38.9 69.4], fit y:           5             4             3            2
4.176e-08 x - 6.127e-06 x + 0.0002964 x - 0.007659 x - 0.1238 x + 21.3
2018.11.30 11:42:48-DEBUG: is pipes defined: True
2018.11.30 11:42:48-INFO: pipes loss: 9.199999999999989
2018.11.30 11:42:48-INFO: pipes loss: 9.201551524589965
2018.11.30 11:42:48-INFO: pipes loss: 9.202093771001756
2018.11.30 11:42:48-INFO: pipes loss: 9.202741774100614
2018.11.30 11:42:48-INFO: pipes loss: 9.203477008385857
2018.11.30 11:42:48-INFO: pipes loss: 9.204299473857484
2018.11.30 11:42:48-INFO: pipes loss: 9.205209170515493
2018.11.30 11:42:48-INFO: pipes loss: 9.206168991726397
2018.11.30 11:42:48-INFO: pipes loss: 9.207250035357664
2018.11.30 11:42:48-INFO: pipes loss: 9.208418310175315
2018.11.30 11:42:48-INFO: pipes loss: 9.22679443857496
2018.11.30 11:42:48-DEBUG: x: [0.0, 16.7, 19.4, 22.2, 25.0, 27.8, 30.6, 33.3, 36.1, 38.9, 69.4], y:[9.199999999999989, 9.201551524589965, 9.202093771001756, 9.202741774100614, 9.203477008385857, 9.204299473857484, 9.205209170515493, 9.206168991726397, 9.207250035357664, 9.208418310175315, 9.22679443857496]
2018.11.30 11:42:48-DEBUG: arr x: [ 0.  16.7 19.4 22.2 25.  27.8 30.6 33.3 36.1 38.9 69.4], arr y:[9.2        9.20155152 9.20209377 9.20274177 9.20347701 9.20429947
 9.20520917 9.20616899 9.20725004 9.20841831 9.22679444]
2018.11.30 11:42:48-DEBUG: arr x: [ 0.  16.7 19.4 22.2 25.  27.8 30.6 33.3 36.1 38.9 69.4], fit y:           5             4             3             2
5.569e-22 x - 9.161e-20 x + 5.432e-18 x + 5.563e-06 x + 1.679e-15 x + 9.2
2018.11.30 11:42:48-INFO: delete_points ended
2018.11.30 11:44:30-INFO: get_coords started
2018.11.30 11:44:30-DEBUG: Add point method started
2018.11.30 11:44:30-DEBUG: types: flow: <class 'str'>, lift: <class 'str'>
2018.11.30 11:44:30-DEBUG: types: flow: <class 'float'>, lift: <class 'float'>
2018.11.30 11:44:30-INFO: sort_points started
2018.11.30 11:44:30-DEBUG: id numbers raised: [('0.0', 'I00B'), ('16.7', 'I00A'), ('19.4', 'I009'), ('22.2', 'I008'), ('25.0', 'I007'), ('27.8', 'I006'), ('30.6', 'I005'), ('33.3', 'I004'), ('36.1', 'I003'), ('38.9', 'I002'), ('69.4', 'I001'), ('0.0', 'I00D')]
2018.11.30 11:44:30-INFO: sort_points ended
2018.11.30 11:44:31-DEBUG: {'69.4': 0.0, '38.9': 12.0, '36.1': 13.0, '33.3': 13.8, '30.6': 14.6, '27.8': 15.3, '25.0': 16.0, '22.2': 16.8, '19.4': 17.5, '16.7': 18.0, '0.0': 0.0}
2018.11.30 11:44:31-DEBUG: x: [0.0, 0.0, 16.7, 19.4, 22.2, 25.0, 27.8, 30.6, 33.3, 36.1, 38.9, 69.4], y:[0.0, 0.0, 18.0, 17.5, 16.8, 16.0, 15.3, 14.6, 13.8, 13.0, 12.0, 0.0]
2018.11.30 11:44:31-DEBUG: arr x: [ 0.   0.  16.7 19.4 22.2 25.  27.8 30.6 33.3 36.1 38.9 69.4], arr y:[ 0.   0.  18.  17.5 16.8 16.  15.3 14.6 13.8 13.  12.   0. ]
2018.11.30 11:44:31-DEBUG: arr x: [ 0.   0.  16.7 19.4 22.2 25.  27.8 30.6 33.3 36.1 38.9 69.4], fit y:           5             4            3          2
6.608e-07 x - 0.0001177 x + 0.007833 x - 0.2486 x + 3.543 x - 2.293e-05
2018.11.30 11:44:31-DEBUG: is pipes defined: True
2018.11.30 11:44:31-INFO: pipes loss: 9.199999999999989
2018.11.30 11:44:31-INFO: pipes loss: 9.199999999999989
2018.11.30 11:44:31-INFO: pipes loss: 9.201551524589965
2018.11.30 11:44:31-INFO: pipes loss: 9.202093771001756
2018.11.30 11:44:31-INFO: pipes loss: 9.202741774100614
2018.11.30 11:44:31-INFO: pipes loss: 9.203477008385857
2018.11.30 11:44:31-INFO: pipes loss: 9.204299473857484
2018.11.30 11:44:31-INFO: pipes loss: 9.205209170515493
2018.11.30 11:44:31-INFO: pipes loss: 9.206168991726397
2018.11.30 11:44:31-INFO: pipes loss: 9.207250035357664
2018.11.30 11:44:31-INFO: pipes loss: 9.208418310175315
2018.11.30 11:44:31-INFO: pipes loss: 9.22679443857496
2018.11.30 11:44:31-DEBUG: x: [0.0, 0.0, 16.7, 19.4, 22.2, 25.0, 27.8, 30.6, 33.3, 36.1, 38.9, 69.4], y:[9.199999999999989, 9.199999999999989, 9.201551524589965, 9.202093771001756, 9.202741774100614, 9.203477008385857, 9.204299473857484, 9.205209170515493, 9.206168991726397, 9.207250035357664, 9.208418310175315, 9.22679443857496]
2018.11.30 11:44:31-DEBUG: arr x: [ 0.   0.  16.7 19.4 22.2 25.  27.8 30.6 33.3 36.1 38.9 69.4], arr y:[9.2        9.2        9.20155152 9.20209377 9.20274177 9.20347701
 9.20429947 9.20520917 9.20616899 9.20725004 9.20841831 9.22679444]
2018.11.30 11:44:31-DEBUG: arr x: [ 0.   0.  16.7 19.4 22.2 25.  27.8 30.6 33.3 36.1 38.9 69.4], fit y:           5             4             3             2
4.572e-21 x - 6.957e-19 x + 3.684e-17 x + 5.563e-06 x + 7.242e-15 x + 9.2
2018.11.30 11:44:31-DEBUG: char points: {'I001': (69.4, 0.0), 'I002': (38.9, 12.0), 'I003': (36.1, 13.0), 'I004': (33.3, 13.8), 'I005': (30.6, 14.6), 'I006': (27.8, 15.3), 'I007': (25.0, 16.0), 'I008': (22.2, 16.8), 'I009': (19.4, 17.5), 'I00A': (16.7, 18.0), 'I00B': (0.0, 21.3), 'I00D': (0.0, 0.0)}
2018.11.30 11:44:31-INFO: sort_points started
2018.11.30 11:44:31-DEBUG: id numbers raised: [('0.0', 'I00B'), ('0.0', 'I00D'), ('16.7', 'I00A'), ('19.4', 'I009'), ('22.2', 'I008'), ('25.0', 'I007'), ('27.8', 'I006'), ('30.6', 'I005'), ('33.3', 'I004'), ('36.1', 'I003'), ('38.9', 'I002'), ('69.4', 'I001')]
2018.11.30 11:44:31-INFO: sort_points ended
2018.11.30 11:44:31-DEBUG: {'69.4': 0.0, '38.9': 12.0, '36.1': 13.0, '33.3': 13.8, '30.6': 14.6, '27.8': 15.3, '25.0': 16.0, '22.2': 16.8, '19.4': 17.5, '16.7': 18.0, '0.0': 0.0}
2018.11.30 11:44:31-DEBUG: x: [0.0, 0.0, 16.7, 19.4, 22.2, 25.0, 27.8, 30.6, 33.3, 36.1, 38.9, 69.4], y:[0.0, 0.0, 18.0, 17.5, 16.8, 16.0, 15.3, 14.6, 13.8, 13.0, 12.0, 0.0]
2018.11.30 11:44:31-DEBUG: arr x: [ 0.   0.  16.7 19.4 22.2 25.  27.8 30.6 33.3 36.1 38.9 69.4], arr y:[ 0.   0.  18.  17.5 16.8 16.  15.3 14.6 13.8 13.  12.   0. ]
2018.11.30 11:44:31-DEBUG: arr x: [ 0.   0.  16.7 19.4 22.2 25.  27.8 30.6 33.3 36.1 38.9 69.4], fit y:           5             4            3          2
6.608e-07 x - 0.0001177 x + 0.007833 x - 0.2486 x + 3.543 x - 2.293e-05
2018.11.30 11:44:31-DEBUG: is pipes defined: True
2018.11.30 11:44:31-INFO: pipes loss: 9.199999999999989
2018.11.30 11:44:31-INFO: pipes loss: 9.199999999999989
2018.11.30 11:44:31-INFO: pipes loss: 9.201551524589965
2018.11.30 11:44:31-INFO: pipes loss: 9.202093771001756
2018.11.30 11:44:31-INFO: pipes loss: 9.202741774100614
2018.11.30 11:44:31-INFO: pipes loss: 9.203477008385857
2018.11.30 11:44:31-INFO: pipes loss: 9.204299473857484
2018.11.30 11:44:31-INFO: pipes loss: 9.205209170515493
2018.11.30 11:44:31-INFO: pipes loss: 9.206168991726397
2018.11.30 11:44:31-INFO: pipes loss: 9.207250035357664
2018.11.30 11:44:31-INFO: pipes loss: 9.208418310175315
2018.11.30 11:44:31-INFO: pipes loss: 9.22679443857496
2018.11.30 11:44:31-DEBUG: x: [0.0, 0.0, 16.7, 19.4, 22.2, 25.0, 27.8, 30.6, 33.3, 36.1, 38.9, 69.4], y:[9.199999999999989, 9.199999999999989, 9.201551524589965, 9.202093771001756, 9.202741774100614, 9.203477008385857, 9.204299473857484, 9.205209170515493, 9.206168991726397, 9.207250035357664, 9.208418310175315, 9.22679443857496]
2018.11.30 11:44:31-DEBUG: arr x: [ 0.   0.  16.7 19.4 22.2 25.  27.8 30.6 33.3 36.1 38.9 69.4], arr y:[9.2        9.2        9.20155152 9.20209377 9.20274177 9.20347701
 9.20429947 9.20520917 9.20616899 9.20725004 9.20841831 9.22679444]
2018.11.30 11:44:31-DEBUG: arr x: [ 0.   0.  16.7 19.4 22.2 25.  27.8 30.6 33.3 36.1 38.9 69.4], fit y:           5             4             3             2
4.572e-21 x - 6.957e-19 x + 3.684e-17 x + 5.563e-06 x + 7.242e-15 x + 9.2
2018.11.30 11:44:33-INFO: pump_delete_button started
2018.11.30 11:44:33-INFO: delete_point started
2018.11.30 11:44:33-DEBUG: point to delete: (0.0, 0.0)
2018.11.30 11:44:33-DEBUG: actual dict: {'I001': (69.4, 0.0), 'I002': (38.9, 12.0), 'I003': (36.1, 13.0), 'I004': (33.3, 13.8), 'I005': (30.6, 14.6), 'I006': (27.8, 15.3), 'I007': (25.0, 16.0), 'I008': (22.2, 16.8), 'I009': (19.4, 17.5), 'I00A': (16.7, 18.0), 'I00B': (0.0, 21.3)}
2018.11.30 11:44:33-INFO: sort_points started
2018.11.30 11:44:33-DEBUG: id numbers raised: [('0.0', 'I00B'), ('16.7', 'I00A'), ('19.4', 'I009'), ('22.2', 'I008'), ('25.0', 'I007'), ('27.8', 'I006'), ('30.6', 'I005'), ('33.3', 'I004'), ('36.1', 'I003'), ('38.9', 'I002'), ('69.4', 'I001')]
2018.11.30 11:44:33-INFO: sort_points ended
2018.11.30 11:44:33-DEBUG: {'69.4': 0.0, '38.9': 12.0, '36.1': 13.0, '33.3': 13.8, '30.6': 14.6, '27.8': 15.3, '25.0': 16.0, '22.2': 16.8, '19.4': 17.5, '16.7': 18.0, '0.0': 21.3}
2018.11.30 11:44:33-DEBUG: x: [0.0, 16.7, 19.4, 22.2, 25.0, 27.8, 30.6, 33.3, 36.1, 38.9, 69.4], y:[21.3, 18.0, 17.5, 16.8, 16.0, 15.3, 14.6, 13.8, 13.0, 12.0, 0.0]
2018.11.30 11:44:33-DEBUG: arr x: [ 0.  16.7 19.4 22.2 25.  27.8 30.6 33.3 36.1 38.9 69.4], arr y:[21.3 18.  17.5 16.8 16.  15.3 14.6 13.8 13.  12.   0. ]
2018.11.30 11:44:33-DEBUG: arr x: [ 0.  16.7 19.4 22.2 25.  27.8 30.6 33.3 36.1 38.9 69.4], fit y:           5             4             3            2
4.176e-08 x - 6.127e-06 x + 0.0002964 x - 0.007659 x - 0.1238 x + 21.3
2018.11.30 11:44:33-DEBUG: is pipes defined: True
2018.11.30 11:44:33-INFO: pipes loss: 9.199999999999989
2018.11.30 11:44:33-INFO: pipes loss: 9.201551524589965
2018.11.30 11:44:33-INFO: pipes loss: 9.202093771001756
2018.11.30 11:44:33-INFO: pipes loss: 9.202741774100614
2018.11.30 11:44:33-INFO: pipes loss: 9.203477008385857
2018.11.30 11:44:33-INFO: pipes loss: 9.204299473857484
2018.11.30 11:44:33-INFO: pipes loss: 9.205209170515493
2018.11.30 11:44:33-INFO: pipes loss: 9.206168991726397
2018.11.30 11:44:33-INFO: pipes loss: 9.207250035357664
2018.11.30 11:44:33-INFO: pipes loss: 9.208418310175315
2018.11.30 11:44:33-INFO: pipes loss: 9.22679443857496
2018.11.30 11:44:33-DEBUG: x: [0.0, 16.7, 19.4, 22.2, 25.0, 27.8, 30.6, 33.3, 36.1, 38.9, 69.4], y:[9.199999999999989, 9.201551524589965, 9.202093771001756, 9.202741774100614, 9.203477008385857, 9.204299473857484, 9.205209170515493, 9.206168991726397, 9.207250035357664, 9.208418310175315, 9.22679443857496]
2018.11.30 11:44:33-DEBUG: arr x: [ 0.  16.7 19.4 22.2 25.  27.8 30.6 33.3 36.1 38.9 69.4], arr y:[9.2        9.20155152 9.20209377 9.20274177 9.20347701 9.20429947
 9.20520917 9.20616899 9.20725004 9.20841831 9.22679444]
2018.11.30 11:44:33-DEBUG: arr x: [ 0.  16.7 19.4 22.2 25.  27.8 30.6 33.3 36.1 38.9 69.4], fit y:           5             4             3             2
5.569e-22 x - 9.161e-20 x + 5.432e-18 x + 5.563e-06 x + 1.679e-15 x + 9.2
2018.11.30 11:44:33-INFO: delete_points ended
2018.11.30 12:56:39-INFO: pump_delete_button started
2018.11.30 12:56:39-INFO: delete_point started
2018.11.30 12:56:39-DEBUG: point to delete: (27.8, 15.3)
2018.11.30 12:56:39-DEBUG: actual dict: {'I001': (69.4, 0.0), 'I002': (38.9, 12.0), 'I003': (36.1, 13.0), 'I004': (33.3, 13.8), 'I005': (30.6, 14.6), 'I007': (25.0, 16.0), 'I008': (22.2, 16.8), 'I009': (19.4, 17.5), 'I00A': (16.7, 18.0), 'I00B': (0.0, 21.3)}
2018.11.30 12:56:39-INFO: sort_points started
2018.11.30 12:56:39-DEBUG: id numbers raised: [('0.0', 'I00B'), ('16.7', 'I00A'), ('19.4', 'I009'), ('22.2', 'I008'), ('25.0', 'I007'), ('30.6', 'I005'), ('33.3', 'I004'), ('36.1', 'I003'), ('38.9', 'I002'), ('69.4', 'I001')]
2018.11.30 12:56:39-INFO: sort_points ended
2018.11.30 12:56:39-DEBUG: {'69.4': 0.0, '38.9': 12.0, '36.1': 13.0, '33.3': 13.8, '30.6': 14.6, '25.0': 16.0, '22.2': 16.8, '19.4': 17.5, '16.7': 18.0, '0.0': 21.3}
2018.11.30 12:56:39-DEBUG: x: [0.0, 16.7, 19.4, 22.2, 25.0, 30.6, 33.3, 36.1, 38.9, 69.4], y:[21.3, 18.0, 17.5, 16.8, 16.0, 14.6, 13.8, 13.0, 12.0, 0.0]
2018.11.30 12:56:39-DEBUG: arr x: [ 0.  16.7 19.4 22.2 25.  30.6 33.3 36.1 38.9 69.4], arr y:[21.3 18.  17.5 16.8 16.  14.6 13.8 13.  12.   0. ]
2018.11.30 12:56:39-DEBUG: arr x: [ 0.  16.7 19.4 22.2 25.  30.6 33.3 36.1 38.9 69.4], fit y:           5             4             3           2
3.791e-08 x - 5.394e-06 x + 0.0002474 x - 0.00633 x - 0.1358 x + 21.3
2018.11.30 12:56:39-DEBUG: is pipes defined: True
2018.11.30 12:56:39-INFO: pipes loss: 9.199999999999989
2018.11.30 12:56:39-INFO: pipes loss: 9.201551524589965
2018.11.30 12:56:39-INFO: pipes loss: 9.202093771001756
2018.11.30 12:56:39-INFO: pipes loss: 9.202741774100614
2018.11.30 12:56:39-INFO: pipes loss: 9.203477008385857
2018.11.30 12:56:39-INFO: pipes loss: 9.205209170515493
2018.11.30 12:56:39-INFO: pipes loss: 9.206168991726397
2018.11.30 12:56:39-INFO: pipes loss: 9.207250035357664
2018.11.30 12:56:39-INFO: pipes loss: 9.208418310175315
2018.11.30 12:56:39-INFO: pipes loss: 9.22679443857496
2018.11.30 12:56:39-DEBUG: x: [0.0, 16.7, 19.4, 22.2, 25.0, 30.6, 33.3, 36.1, 38.9, 69.4], y:[9.199999999999989, 9.201551524589965, 9.202093771001756, 9.202741774100614, 9.203477008385857, 9.205209170515493, 9.206168991726397, 9.207250035357664, 9.208418310175315, 9.22679443857496]
2018.11.30 12:56:39-DEBUG: arr x: [ 0.  16.7 19.4 22.2 25.  30.6 33.3 36.1 38.9 69.4], arr y:[9.2        9.20155152 9.20209377 9.20274177 9.20347701 9.20520917
 9.20616899 9.20725004 9.20841831 9.22679444]
2018.11.30 12:56:39-DEBUG: arr x: [ 0.  16.7 19.4 22.2 25.  30.6 33.3 36.1 38.9 69.4], fit y:            5             4             3             2
-1.402e-21 x + 2.345e-19 x - 1.388e-17 x + 5.563e-06 x - 2.818e-15 x + 9.2
2018.11.30 12:56:39-INFO: delete_points ended
2018.11.30 12:56:40-INFO: pump_delete_button started
2018.11.30 12:56:40-INFO: delete_point started
2018.11.30 12:56:40-DEBUG: point to delete: (25.0, 16.0)
2018.11.30 12:56:40-DEBUG: actual dict: {'I001': (69.4, 0.0), 'I002': (38.9, 12.0), 'I003': (36.1, 13.0), 'I004': (33.3, 13.8), 'I005': (30.6, 14.6), 'I008': (22.2, 16.8), 'I009': (19.4, 17.5), 'I00A': (16.7, 18.0), 'I00B': (0.0, 21.3)}
2018.11.30 12:56:40-INFO: sort_points started
2018.11.30 12:56:40-DEBUG: id numbers raised: [('0.0', 'I00B'), ('16.7', 'I00A'), ('19.4', 'I009'), ('22.2', 'I008'), ('30.6', 'I005'), ('33.3', 'I004'), ('36.1', 'I003'), ('38.9', 'I002'), ('69.4', 'I001')]
2018.11.30 12:56:40-INFO: sort_points ended
2018.11.30 12:56:40-DEBUG: {'69.4': 0.0, '38.9': 12.0, '36.1': 13.0, '33.3': 13.8, '30.6': 14.6, '22.2': 16.8, '19.4': 17.5, '16.7': 18.0, '0.0': 21.3}
2018.11.30 12:56:40-DEBUG: x: [0.0, 16.7, 19.4, 22.2, 30.6, 33.3, 36.1, 38.9, 69.4], y:[21.3, 18.0, 17.5, 16.8, 14.6, 13.8, 13.0, 12.0, 0.0]
2018.11.30 12:56:40-DEBUG: arr x: [ 0.  16.7 19.4 22.2 30.6 33.3 36.1 38.9 69.4], arr y:[21.3 18.  17.5 16.8 14.6 13.8 13.  12.   0. ]
2018.11.30 12:56:40-DEBUG: arr x: [ 0.  16.7 19.4 22.2 30.6 33.3 36.1 38.9 69.4], fit y:            5             4             3            2
-1.596e-08 x + 3.261e-06 x - 0.0002366 x + 0.004874 x - 0.2254 x + 21.3
2018.11.30 12:56:40-DEBUG: is pipes defined: True
2018.11.30 12:56:40-INFO: pipes loss: 9.199999999999989
2018.11.30 12:56:40-INFO: pipes loss: 9.201551524589965
2018.11.30 12:56:40-INFO: pipes loss: 9.202093771001756
2018.11.30 12:56:40-INFO: pipes loss: 9.202741774100614
2018.11.30 12:56:40-INFO: pipes loss: 9.205209170515493
2018.11.30 12:56:40-INFO: pipes loss: 9.206168991726397
2018.11.30 12:56:40-INFO: pipes loss: 9.207250035357664
2018.11.30 12:56:40-INFO: pipes loss: 9.208418310175315
2018.11.30 12:56:40-INFO: pipes loss: 9.22679443857496
2018.11.30 12:56:40-DEBUG: x: [0.0, 16.7, 19.4, 22.2, 30.6, 33.3, 36.1, 38.9, 69.4], y:[9.199999999999989, 9.201551524589965, 9.202093771001756, 9.202741774100614, 9.205209170515493, 9.206168991726397, 9.207250035357664, 9.208418310175315, 9.22679443857496]
2018.11.30 12:56:40-DEBUG: arr x: [ 0.  16.7 19.4 22.2 30.6 33.3 36.1 38.9 69.4], arr y:[9.2        9.20155152 9.20209377 9.20274177 9.20520917 9.20616899
 9.20725004 9.20841831 9.22679444]
2018.11.30 12:56:40-DEBUG: arr x: [ 0.  16.7 19.4 22.2 30.6 33.3 36.1 38.9 69.4], fit y:           5            4             3             2
6.807e-22 x - 9.59e-20 x + 4.877e-18 x + 5.563e-06 x + 1.379e-15 x + 9.2
2018.11.30 12:56:40-INFO: delete_points ended
2018.11.30 12:56:41-INFO: pump_delete_button started
2018.11.30 12:56:41-INFO: delete_point started
2018.11.30 12:56:41-DEBUG: point to delete: (30.6, 14.6)
2018.11.30 12:56:41-DEBUG: actual dict: {'I001': (69.4, 0.0), 'I002': (38.9, 12.0), 'I003': (36.1, 13.0), 'I004': (33.3, 13.8), 'I008': (22.2, 16.8), 'I009': (19.4, 17.5), 'I00A': (16.7, 18.0), 'I00B': (0.0, 21.3)}
2018.11.30 12:56:41-INFO: sort_points started
2018.11.30 12:56:41-DEBUG: id numbers raised: [('0.0', 'I00B'), ('16.7', 'I00A'), ('19.4', 'I009'), ('22.2', 'I008'), ('33.3', 'I004'), ('36.1', 'I003'), ('38.9', 'I002'), ('69.4', 'I001')]
2018.11.30 12:56:41-INFO: sort_points ended
2018.11.30 12:56:41-DEBUG: {'69.4': 0.0, '38.9': 12.0, '36.1': 13.0, '33.3': 13.8, '22.2': 16.8, '19.4': 17.5, '16.7': 18.0, '0.0': 21.3}
2018.11.30 12:56:41-DEBUG: x: [0.0, 16.7, 19.4, 22.2, 33.3, 36.1, 38.9, 69.4], y:[21.3, 18.0, 17.5, 16.8, 13.8, 13.0, 12.0, 0.0]
2018.11.30 12:56:41-DEBUG: arr x: [ 0.  16.7 19.4 22.2 33.3 36.1 38.9 69.4], arr y:[21.3 18.  17.5 16.8 13.8 13.  12.   0. ]
2018.11.30 12:56:41-DEBUG: arr x: [ 0.  16.7 19.4 22.2 33.3 36.1 38.9 69.4], fit y:            5             4             3            2
-1.157e-08 x + 2.726e-06 x - 0.0002185 x + 0.004737 x - 0.2262 x + 21.3
2018.11.30 12:56:41-DEBUG: is pipes defined: True
2018.11.30 12:56:41-INFO: pipes loss: 9.199999999999989
2018.11.30 12:56:41-INFO: pipes loss: 9.201551524589965
2018.11.30 12:56:41-INFO: pipes loss: 9.202093771001756
2018.11.30 12:56:41-INFO: pipes loss: 9.202741774100614
2018.11.30 12:56:41-INFO: pipes loss: 9.206168991726397
2018.11.30 12:56:41-INFO: pipes loss: 9.207250035357664
2018.11.30 12:56:41-INFO: pipes loss: 9.208418310175315
2018.11.30 12:56:41-INFO: pipes loss: 9.22679443857496
2018.11.30 12:56:41-DEBUG: x: [0.0, 16.7, 19.4, 22.2, 33.3, 36.1, 38.9, 69.4], y:[9.199999999999989, 9.201551524589965, 9.202093771001756, 9.202741774100614, 9.206168991726397, 9.207250035357664, 9.208418310175315, 9.22679443857496]
2018.11.30 12:56:41-DEBUG: arr x: [ 0.  16.7 19.4 22.2 33.3 36.1 38.9 69.4], arr y:[9.2        9.20155152 9.20209377 9.20274177 9.20616899 9.20725004
 9.20841831 9.22679444]
2018.11.30 12:56:41-DEBUG: arr x: [ 0.  16.7 19.4 22.2 33.3 36.1 38.9 69.4], fit y:           5             4             3             2
4.586e-21 x - 7.211e-19 x + 3.912e-17 x + 5.563e-06 x + 6.904e-15 x + 9.2
2018.11.30 12:56:41-INFO: delete_points ended
2018.11.30 12:56:42-INFO: pump_delete_button started
2018.11.30 12:56:42-INFO: delete_point started
2018.11.30 12:56:42-DEBUG: point to delete: (22.2, 16.8)
2018.11.30 12:56:42-DEBUG: actual dict: {'I001': (69.4, 0.0), 'I002': (38.9, 12.0), 'I003': (36.1, 13.0), 'I004': (33.3, 13.8), 'I009': (19.4, 17.5), 'I00A': (16.7, 18.0), 'I00B': (0.0, 21.3)}
2018.11.30 12:56:42-INFO: sort_points started
2018.11.30 12:56:42-DEBUG: id numbers raised: [('0.0', 'I00B'), ('16.7', 'I00A'), ('19.4', 'I009'), ('33.3', 'I004'), ('36.1', 'I003'), ('38.9', 'I002'), ('69.4', 'I001')]
2018.11.30 12:56:42-INFO: sort_points ended
2018.11.30 12:56:42-DEBUG: {'69.4': 0.0, '38.9': 12.0, '36.1': 13.0, '33.3': 13.8, '19.4': 17.5, '16.7': 18.0, '0.0': 21.3}
2018.11.30 12:56:42-DEBUG: x: [0.0, 16.7, 19.4, 33.3, 36.1, 38.9, 69.4], y:[21.3, 18.0, 17.5, 13.8, 13.0, 12.0, 0.0]
2018.11.30 12:56:42-DEBUG: arr x: [ 0.  16.7 19.4 33.3 36.1 38.9 69.4], arr y:[21.3 18.  17.5 13.8 13.  12.   0. ]
2018.11.30 12:56:42-DEBUG: arr x: [ 0.  16.7 19.4 33.3 36.1 38.9 69.4], fit y:            5            4             3          2
-6.701e-08 x + 1.16e-05 x - 0.0007127 x + 0.0161 x - 0.3159 x + 21.3
2018.11.30 12:56:42-DEBUG: is pipes defined: True
2018.11.30 12:56:42-INFO: pipes loss: 9.199999999999989
2018.11.30 12:56:42-INFO: pipes loss: 9.201551524589965
2018.11.30 12:56:42-INFO: pipes loss: 9.202093771001756
2018.11.30 12:56:42-INFO: pipes loss: 9.206168991726397
2018.11.30 12:56:42-INFO: pipes loss: 9.207250035357664
2018.11.30 12:56:42-INFO: pipes loss: 9.208418310175315
2018.11.30 12:56:42-INFO: pipes loss: 9.22679443857496
2018.11.30 12:56:42-DEBUG: x: [0.0, 16.7, 19.4, 33.3, 36.1, 38.9, 69.4], y:[9.199999999999989, 9.201551524589965, 9.202093771001756, 9.206168991726397, 9.207250035357664, 9.208418310175315, 9.22679443857496]
2018.11.30 12:56:42-DEBUG: arr x: [ 0.  16.7 19.4 33.3 36.1 38.9 69.4], arr y:[9.2        9.20155152 9.20209377 9.20616899 9.20725004 9.20841831
 9.22679444]
2018.11.30 12:56:42-DEBUG: arr x: [ 0.  16.7 19.4 33.3 36.1 38.9 69.4], fit y:           5             4            3             2
2.242e-21 x - 3.491e-19 x + 1.89e-17 x + 5.563e-06 x + 3.45e-15 x + 9.2
2018.11.30 12:56:42-INFO: delete_points ended
2018.11.30 12:56:42-INFO: pump_delete_button started
2018.11.30 12:56:42-INFO: delete_point started
2018.11.30 12:56:42-DEBUG: point to delete: (16.7, 18.0)
2018.11.30 12:56:42-DEBUG: actual dict: {'I001': (69.4, 0.0), 'I002': (38.9, 12.0), 'I003': (36.1, 13.0), 'I004': (33.3, 13.8), 'I009': (19.4, 17.5), 'I00B': (0.0, 21.3)}
2018.11.30 12:56:42-INFO: sort_points started
2018.11.30 12:56:42-DEBUG: id numbers raised: [('0.0', 'I00B'), ('19.4', 'I009'), ('33.3', 'I004'), ('36.1', 'I003'), ('38.9', 'I002'), ('69.4', 'I001')]
2018.11.30 12:56:42-INFO: sort_points ended
2018.11.30 12:56:43-DEBUG: {'69.4': 0.0, '38.9': 12.0, '36.1': 13.0, '33.3': 13.8, '19.4': 17.5, '0.0': 21.3}
2018.11.30 12:56:43-DEBUG: x: [0.0, 19.4, 33.3, 36.1, 38.9, 69.4], y:[21.3, 17.5, 13.8, 13.0, 12.0, 0.0]
2018.11.30 12:56:43-DEBUG: arr x: [ 0.  19.4 33.3 36.1 38.9 69.4], arr y:[21.3 17.5 13.8 13.  12.   0. ]
2018.11.30 12:56:43-DEBUG: arr x: [ 0.  19.4 33.3 36.1 38.9 69.4], fit y:           5             4            3          2
4.941e-07 x - 7.904e-05 x + 0.004408 x - 0.1046 x + 0.682 x + 21.3
2018.11.30 12:56:43-DEBUG: is pipes defined: True
2018.11.30 12:56:43-INFO: pipes loss: 9.199999999999989
2018.11.30 12:56:43-INFO: pipes loss: 9.202093771001756
2018.11.30 12:56:43-INFO: pipes loss: 9.206168991726397
2018.11.30 12:56:43-INFO: pipes loss: 9.207250035357664
2018.11.30 12:56:43-INFO: pipes loss: 9.208418310175315
2018.11.30 12:56:43-INFO: pipes loss: 9.22679443857496
2018.11.30 12:56:43-DEBUG: x: [0.0, 19.4, 33.3, 36.1, 38.9, 69.4], y:[9.199999999999989, 9.202093771001756, 9.206168991726397, 9.207250035357664, 9.208418310175315, 9.22679443857496]
2018.11.30 12:56:43-DEBUG: arr x: [ 0.  19.4 33.3 36.1 38.9 69.4], arr y:[9.2        9.20209377 9.20616899 9.20725004 9.20841831 9.22679444]
2018.11.30 12:56:43-DEBUG: arr x: [ 0.  19.4 33.3 36.1 38.9 69.4], fit y:          5             4             3             2
9.53e-21 x - 1.574e-18 x + 9.143e-17 x + 5.563e-06 x + 1.926e-14 x + 9.2
2018.11.30 12:56:43-INFO: delete_points ended
2018.11.30 12:56:43-INFO: pump_delete_button started
2018.11.30 12:56:43-INFO: delete_point started
2018.11.30 12:56:43-DEBUG: point to delete: (19.4, 17.5)
2018.11.30 12:56:43-DEBUG: actual dict: {'I001': (69.4, 0.0), 'I002': (38.9, 12.0), 'I003': (36.1, 13.0), 'I004': (33.3, 13.8), 'I00B': (0.0, 21.3)}
2018.11.30 12:56:43-INFO: sort_points started
2018.11.30 12:56:43-DEBUG: id numbers raised: [('0.0', 'I00B'), ('33.3', 'I004'), ('36.1', 'I003'), ('38.9', 'I002'), ('69.4', 'I001')]
2018.11.30 12:56:43-INFO: sort_points ended
2018.11.30 12:56:43-DEBUG: {'69.4': 0.0, '38.9': 12.0, '36.1': 13.0, '33.3': 13.8, '0.0': 21.3}
2018.11.30 12:56:43-DEBUG: x: [0.0, 33.3, 36.1, 38.9, 69.4], y:[21.3, 13.8, 13.0, 12.0, 0.0]
2018.11.30 12:56:43-DEBUG: arr x: [ 0.  33.3 36.1 38.9 69.4], arr y:[21.3 13.8 13.  12.   0. ]
2018.11.30 12:56:43-DEBUG: arr x: [ 0.  33.3 36.1 38.9 69.4], fit y:           5             4             3           2
7.885e-08 x - 5.251e-06 x - 0.0003333 x + 0.02723 x - 0.6656 x + 21.3
2018.11.30 12:56:43-DEBUG: is pipes defined: True
2018.11.30 12:56:43-INFO: pipes loss: 9.199999999999989
2018.11.30 12:56:43-INFO: pipes loss: 9.206168991726397
2018.11.30 12:56:43-INFO: pipes loss: 9.207250035357664
2018.11.30 12:56:43-INFO: pipes loss: 9.208418310175315
2018.11.30 12:56:43-INFO: pipes loss: 9.22679443857496
2018.11.30 12:56:43-DEBUG: x: [0.0, 33.3, 36.1, 38.9, 69.4], y:[9.199999999999989, 9.206168991726397, 9.207250035357664, 9.208418310175315, 9.22679443857496]
2018.11.30 12:56:43-DEBUG: arr x: [ 0.  33.3 36.1 38.9 69.4], arr y:[9.2        9.20616899 9.20725004 9.20841831 9.22679444]
2018.11.30 12:56:43-DEBUG: arr x: [ 0.  33.3 36.1 38.9 69.4], fit y:           5             4             3             2
1.309e-12 x - 2.326e-10 x + 1.495e-08 x + 5.147e-06 x + 4.249e-06 x + 9.2
2018.11.30 12:56:44-INFO: delete_points ended
2018.11.30 12:56:44-INFO: pump_delete_button started
2018.11.30 12:56:44-INFO: delete_point started
2018.11.30 12:56:44-DEBUG: point to delete: (33.3, 13.8)
2018.11.30 12:56:44-DEBUG: actual dict: {'I001': (69.4, 0.0), 'I002': (38.9, 12.0), 'I003': (36.1, 13.0), 'I00B': (0.0, 21.3)}
2018.11.30 12:56:44-INFO: sort_points started
2018.11.30 12:56:44-DEBUG: id numbers raised: [('0.0', 'I00B'), ('36.1', 'I003'), ('38.9', 'I002'), ('69.4', 'I001')]
2018.11.30 12:56:44-INFO: sort_points ended
2018.11.30 12:56:45-DEBUG: {'69.4': 0.0, '38.9': 12.0, '36.1': 13.0, '0.0': 21.3}
2018.11.30 12:56:45-DEBUG: x: [0.0, 36.1, 38.9, 69.4], y:[21.3, 13.0, 12.0, 0.0]
2018.11.30 12:56:45-DEBUG: arr x: [ 0.  36.1 38.9 69.4], arr y:[21.3 13.  12.   0. ]
2018.11.30 12:56:45-DEBUG: arr x: [ 0.  36.1 38.9 69.4], fit y:           5             4             3            2
3.695e-09 x - 1.514e-09 x - 2.099e-05 x - 0.002471 x - 0.1196 x + 21.3
2018.11.30 12:56:45-DEBUG: is pipes defined: True
2018.11.30 12:56:45-INFO: pipes loss: 9.199999999999989
2018.11.30 12:56:45-INFO: pipes loss: 9.207250035357664
2018.11.30 12:56:45-INFO: pipes loss: 9.208418310175315
2018.11.30 12:56:45-INFO: pipes loss: 9.22679443857496
2018.11.30 12:56:45-DEBUG: x: [0.0, 36.1, 38.9, 69.4], y:[9.199999999999989, 9.207250035357664, 9.208418310175315, 9.22679443857496]
2018.11.30 12:56:45-DEBUG: arr x: [ 0.  36.1 38.9 69.4], arr y:[9.2        9.20725004 9.20841831 9.22679444]
2018.11.30 12:56:45-DEBUG: arr x: [ 0.  36.1 38.9 69.4], fit y:            5             4             3             2
-3.734e-12 x + 1.213e-10 x + 3.567e-08 x + 3.165e-06 x + 4.073e-05 x + 9.2
2018.11.30 12:56:45-INFO: delete_points ended
2018.11.30 12:56:45-INFO: pump_delete_button started
2018.11.30 12:56:45-INFO: delete_point started
2018.11.30 12:56:45-DEBUG: point to delete: (0.0, 21.3)
2018.11.30 12:56:45-DEBUG: actual dict: {'I001': (69.4, 0.0), 'I002': (38.9, 12.0), 'I003': (36.1, 13.0)}
2018.11.30 12:56:45-INFO: sort_points started
2018.11.30 12:56:45-DEBUG: id numbers raised: [('36.1', 'I003'), ('38.9', 'I002'), ('69.4', 'I001')]
2018.11.30 12:56:45-INFO: sort_points ended
2018.11.30 12:56:45-DEBUG: {'69.4': 0.0, '38.9': 12.0, '36.1': 13.0}
2018.11.30 12:56:45-DEBUG: x: [36.1, 38.9, 69.4], y:[13.0, 12.0, 0.0]
2018.11.30 12:56:45-DEBUG: arr x: [36.1 38.9 69.4], arr y:[13. 12.  0.]
2018.11.30 12:56:45-DEBUG: arr x: [36.1 38.9 69.4], fit y:           5             4             3            2
5.519e-09 x - 1.681e-08 x - 3.063e-05 x - 0.003048 x - 0.05042 x + 19.92
2018.11.30 12:56:45-DEBUG: is pipes defined: True
2018.11.30 12:56:45-INFO: pipes loss: 9.207250035357664
2018.11.30 12:56:45-INFO: pipes loss: 9.208418310175315
2018.11.30 12:56:45-INFO: pipes loss: 9.22679443857496
2018.11.30 12:56:45-DEBUG: x: [36.1, 38.9, 69.4], y:[9.207250035357664, 9.208418310175315, 9.22679443857496]
2018.11.30 12:56:45-DEBUG: arr x: [36.1 38.9 69.4], arr y:[9.20725004 9.20841831 9.22679444]
2018.11.30 12:56:45-DEBUG: arr x: [36.1 38.9 69.4], fit y:           5             4            3             2
9.749e-10 x - 8.087e-09 x - 5.14e-06 x - 0.0003066 x + 0.03715 x + 8.462
2018.11.30 12:56:45-INFO: delete_points ended
2018.11.30 12:56:46-INFO: pump_delete_button started
2018.11.30 12:56:46-INFO: delete_point started
2018.11.30 12:56:46-DEBUG: point to delete: (36.1, 13.0)
2018.11.30 12:56:46-DEBUG: actual dict: {'I001': (69.4, 0.0), 'I002': (38.9, 12.0)}
2018.11.30 12:56:46-INFO: sort_points started
2018.11.30 12:56:46-DEBUG: id numbers raised: [('38.9', 'I002'), ('69.4', 'I001')]
2018.11.30 12:56:46-INFO: sort_points ended
2018.11.30 12:56:46-DEBUG: {'69.4': 0.0, '38.9': 12.0}
2018.11.30 12:56:46-DEBUG: x: [38.9, 69.4], y:[12.0, 0.0]
2018.11.30 12:56:46-DEBUG: arr x: [38.9 69.4], arr y:[12.  0.]
2018.11.30 12:56:46-DEBUG: arr x: [38.9 69.4], fit y:           5           4             3             2
-4.41e-09 x - 2.5e-07 x - 1.045e-05 x + 8.061e-05 x + 0.08344 x + 10.21
2018.11.30 12:56:46-DEBUG: is pipes defined: True
2018.11.30 12:56:46-INFO: pipes loss: 9.208418310175315
2018.11.30 12:56:46-INFO: pipes loss: 9.22679443857496
2018.11.30 12:56:46-DEBUG: x: [38.9, 69.4], y:[9.208418310175315, 9.22679443857496]
2018.11.30 12:56:46-DEBUG: arr x: [38.9 69.4], arr y:[9.20841831 9.22679444]
2018.11.30 12:56:46-DEBUG: arr x: [38.9 69.4], fit y:            5             4             3             2
-1.254e-09 x - 5.747e-08 x - 3.889e-07 x + 0.0003833 x + 0.06454 x + 6.384
2018.11.30 12:56:46-INFO: delete_points ended
2018.11.30 12:56:48-INFO: pump_delete_button started
2018.11.30 12:56:48-INFO: delete_point started
2018.11.30 12:56:48-DEBUG: point to delete: (38.9, 12.0)
2018.11.30 12:56:48-DEBUG: actual dict: {'I001': (69.4, 0.0)}
2018.11.30 12:56:48-INFO: sort_points started
2018.11.30 12:56:48-DEBUG: id numbers raised: [('69.4', 'I001')]
2018.11.30 12:56:48-INFO: sort_points ended
2018.11.30 12:56:48-DEBUG: {'69.4': 0.0}
2018.11.30 12:56:48-DEBUG: x: [69.4], y:[0.0]
2018.11.30 12:56:48-DEBUG: arr x: [69.4], arr y:[0.]
2018.11.30 12:56:48-DEBUG: arr x: [69.4], fit y: 
0
2018.11.30 12:56:48-DEBUG: is pipes defined: True
2018.11.30 12:56:48-INFO: pipes loss: 9.22679443857496
2018.11.30 12:56:48-DEBUG: x: [69.4], y:[9.22679443857496]
2018.11.30 12:56:48-DEBUG: arr x: [69.4], arr y:[9.22679444]
2018.11.30 12:56:48-DEBUG: arr x: [69.4], fit y:           5             4             3             2
9.552e-10 x + 6.629e-08 x + 4.601e-06 x + 0.0003193 x + 0.02216 x + 1.538
2018.11.30 12:56:48-INFO: delete_points ended
2018.11.30 12:56:49-INFO: pump_delete_button started
2018.11.30 12:56:49-INFO: delete_point started
2018.11.30 12:56:49-DEBUG: point to delete: (69.4, 0.0)
2018.11.30 12:56:49-DEBUG: actual dict: {}
2018.11.30 12:56:49-INFO: sort_points started
2018.11.30 12:56:49-DEBUG: id numbers raised: []
2018.11.30 12:56:49-INFO: sort_points ended
2018.11.30 12:56:49-DEBUG: {}
2018.11.30 12:56:49-DEBUG: x: [], y:[]
2018.11.30 12:56:49-DEBUG: arr x: [], arr y:[]
2018.11.30 12:56:52-INFO: get_coords started
2018.11.30 12:56:52-DEBUG: Add point method started
2018.11.30 12:56:52-DEBUG: types: flow: <class 'str'>, lift: <class 'str'>
2018.11.30 12:56:52-DEBUG: types: flow: <class 'float'>, lift: <class 'float'>
2018.11.30 12:56:52-INFO: sort_points started
2018.11.30 12:56:52-DEBUG: id numbers raised: [('0.0', 'I00E')]
2018.11.30 12:56:52-INFO: sort_points ended
2018.11.30 12:56:52-DEBUG: {'0.0': 0.0}
2018.11.30 12:56:52-DEBUG: x: [0.0], y:[0.0]
2018.11.30 12:56:52-DEBUG: arr x: [0.], arr y:[0.]
2018.11.30 12:56:53-INFO: get_coords started
2018.11.30 12:56:53-DEBUG: Add point method started
2018.11.30 12:56:53-DEBUG: types: flow: <class 'str'>, lift: <class 'str'>
2018.11.30 12:56:53-DEBUG: types: flow: <class 'float'>, lift: <class 'float'>
2018.11.30 12:56:53-INFO: sort_points started
2018.11.30 12:56:53-DEBUG: id numbers raised: [('0.0', 'I00E'), ('1.0', 'I00F')]
2018.11.30 12:56:53-INFO: sort_points ended
2018.11.30 12:56:53-DEBUG: {'0.0': 0.0, '1.0': 1.0}
2018.11.30 12:56:53-DEBUG: x: [0.0, 1.0], y:[0.0, 1.0]
2018.11.30 12:56:53-DEBUG: arr x: [0. 1.], arr y:[0. 1.]
2018.11.30 12:56:53-DEBUG: arr x: [0. 1.], fit y:     5       4       3       2
0.2 x + 0.2 x + 0.2 x + 0.2 x + 0.2 x + 3.925e-17
2018.11.30 12:56:53-DEBUG: is pipes defined: True
2018.11.30 12:56:53-INFO: pipes loss: 9.199999999999989
2018.11.30 12:56:53-INFO: pipes loss: 9.200005563213406
2018.11.30 12:56:53-DEBUG: x: [0.0, 1.0], y:[9.199999999999989, 9.200005563213406]
2018.11.30 12:56:53-DEBUG: arr x: [0. 1.], arr y:[9.2        9.20000556]
2018.11.30 12:56:53-DEBUG: arr x: [0. 1.], fit y:           5             4             3             2
1.113e-06 x + 1.113e-06 x + 1.113e-06 x + 1.113e-06 x + 1.113e-06 x + 9.2
2018.11.30 12:56:53-DEBUG: char points: {'I00E': (0.0, 0.0), 'I00F': (1.0, 1.0)}
2018.11.30 12:56:53-INFO: sort_points started
2018.11.30 12:56:53-DEBUG: id numbers raised: [('0.0', 'I00E'), ('1.0', 'I00F')]
2018.11.30 12:56:53-INFO: sort_points ended
2018.11.30 12:56:53-DEBUG: {'0.0': 0.0, '1.0': 1.0}
2018.11.30 12:56:53-DEBUG: x: [0.0, 1.0], y:[0.0, 1.0]
2018.11.30 12:56:53-DEBUG: arr x: [0. 1.], arr y:[0. 1.]
2018.11.30 12:56:53-DEBUG: arr x: [0. 1.], fit y:     5       4       3       2
0.2 x + 0.2 x + 0.2 x + 0.2 x + 0.2 x + 3.925e-17
2018.11.30 12:56:53-DEBUG: is pipes defined: True
2018.11.30 12:56:53-INFO: pipes loss: 9.199999999999989
2018.11.30 12:56:53-INFO: pipes loss: 9.200005563213406
2018.11.30 12:56:53-DEBUG: x: [0.0, 1.0], y:[9.199999999999989, 9.200005563213406]
2018.11.30 12:56:53-DEBUG: arr x: [0. 1.], arr y:[9.2        9.20000556]
2018.11.30 12:56:53-DEBUG: arr x: [0. 1.], fit y:           5             4             3             2
1.113e-06 x + 1.113e-06 x + 1.113e-06 x + 1.113e-06 x + 1.113e-06 x + 9.2
2018.11.30 12:56:55-INFO: get_coords started
2018.11.30 12:56:55-DEBUG: Add point method started
2018.11.30 12:56:55-DEBUG: types: flow: <class 'str'>, lift: <class 'str'>
2018.11.30 12:56:55-DEBUG: types: flow: <class 'float'>, lift: <class 'float'>
2018.11.30 12:56:55-INFO: sort_points started
2018.11.30 12:56:55-DEBUG: id numbers raised: [('0.0', 'I00E'), ('1.0', 'I00F'), ('2.0', 'I010')]
2018.11.30 12:56:55-INFO: sort_points ended
2018.11.30 12:56:55-DEBUG: {'0.0': 0.0, '1.0': 1.0, '2.0': 4.0}
2018.11.30 12:56:55-DEBUG: x: [0.0, 1.0, 2.0], y:[0.0, 1.0, 4.0]
2018.11.30 12:56:55-DEBUG: arr x: [0. 1. 2.], arr y:[0. 1. 4.]
2018.11.30 12:56:55-DEBUG: arr x: [0. 1. 2.], fit y:         5           4           3          2
0.01611 x + 0.03645 x + 0.08914 x + 0.2357 x + 0.6226 x - 1.026e-15
2018.11.30 12:56:55-DEBUG: is pipes defined: True
2018.11.30 12:56:55-INFO: pipes loss: 9.199999999999989
2018.11.30 12:56:55-INFO: pipes loss: 9.200005563213406
2018.11.30 12:56:55-INFO: pipes loss: 9.200022252853659
2018.11.30 12:56:55-DEBUG: x: [0.0, 1.0, 2.0], y:[9.199999999999989, 9.200005563213406, 9.200022252853659]
2018.11.30 12:56:55-DEBUG: arr x: [0. 1. 2.], arr y:[9.2        9.20000556 9.20002225]
2018.11.30 12:56:55-DEBUG: arr x: [0. 1. 2.], fit y:           5             4             3             2
8.965e-08 x + 2.028e-07 x + 4.959e-07 x + 1.311e-06 x + 3.464e-06 x + 9.2
2018.11.30 12:56:55-DEBUG: char points: {'I00E': (0.0, 0.0), 'I00F': (1.0, 1.0), 'I010': (2.0, 4.0)}
2018.11.30 12:56:55-INFO: sort_points started
2018.11.30 12:56:55-DEBUG: id numbers raised: [('0.0', 'I00E'), ('1.0', 'I00F'), ('2.0', 'I010')]
2018.11.30 12:56:55-INFO: sort_points ended
2018.11.30 12:56:55-DEBUG: {'0.0': 0.0, '1.0': 1.0, '2.0': 4.0}
2018.11.30 12:56:55-DEBUG: x: [0.0, 1.0, 2.0], y:[0.0, 1.0, 4.0]
2018.11.30 12:56:55-DEBUG: arr x: [0. 1. 2.], arr y:[0. 1. 4.]
2018.11.30 12:56:55-DEBUG: arr x: [0. 1. 2.], fit y:         5           4           3          2
0.01611 x + 0.03645 x + 0.08914 x + 0.2357 x + 0.6226 x - 1.026e-15
2018.11.30 12:56:55-DEBUG: is pipes defined: True
2018.11.30 12:56:55-INFO: pipes loss: 9.199999999999989
2018.11.30 12:56:55-INFO: pipes loss: 9.200005563213406
2018.11.30 12:56:55-INFO: pipes loss: 9.200022252853659
2018.11.30 12:56:55-DEBUG: x: [0.0, 1.0, 2.0], y:[9.199999999999989, 9.200005563213406, 9.200022252853659]
2018.11.30 12:56:55-DEBUG: arr x: [0. 1. 2.], arr y:[9.2        9.20000556 9.20002225]
2018.11.30 12:56:55-DEBUG: arr x: [0. 1. 2.], fit y:           5             4             3             2
8.965e-08 x + 2.028e-07 x + 4.959e-07 x + 1.311e-06 x + 3.464e-06 x + 9.2
2018.11.30 12:56:55-INFO: get_coords started
2018.11.30 12:56:55-DEBUG: Add point method started
2018.11.30 12:56:55-DEBUG: types: flow: <class 'str'>, lift: <class 'str'>
2018.11.30 12:57:00-INFO: get_coords started
2018.11.30 12:57:00-DEBUG: Add point method started
2018.11.30 12:57:00-DEBUG: types: flow: <class 'str'>, lift: <class 'str'>
2018.11.30 12:57:00-DEBUG: types: flow: <class 'float'>, lift: <class 'float'>
2018.11.30 12:57:00-INFO: sort_points started
2018.11.30 12:57:00-DEBUG: id numbers raised: [('0.0', 'I00E'), ('1.0', 'I00F'), ('2.0', 'I010'), ('3.0', 'I011')]
2018.11.30 12:57:00-INFO: sort_points ended
2018.11.30 12:57:00-DEBUG: {'0.0': 0.0, '1.0': 1.0, '2.0': 4.0, '3.0': 8.0}
2018.11.30 12:57:00-DEBUG: x: [0.0, 1.0, 2.0, 3.0], y:[0.0, 1.0, 4.0, 8.0]
2018.11.30 12:57:00-DEBUG: arr x: [0. 1. 2. 3.], arr y:[0. 1. 4. 8.]
2018.11.30 12:57:00-DEBUG: arr x: [0. 1. 2. 3.], fit y:          5            4          3          2
-0.01402 x + 0.003768 x + 0.1612 x + 0.7003 x + 0.1488 x - 1.776e-15
2018.11.30 12:57:00-DEBUG: is pipes defined: True
2018.11.30 12:57:00-INFO: pipes loss: 9.199999999999989
2018.11.30 12:57:00-INFO: pipes loss: 9.200005563213406
2018.11.30 12:57:00-INFO: pipes loss: 9.200022252853659
2018.11.30 12:57:00-INFO: pipes loss: 9.200050068920744
2018.11.30 12:57:00-DEBUG: x: [0.0, 1.0, 2.0, 3.0], y:[9.199999999999989, 9.200005563213406, 9.200022252853659, 9.200050068920744]
2018.11.30 12:57:00-DEBUG: arr x: [0. 1. 2. 3.], arr y:[9.2        9.20000556 9.20002225 9.20005007]
2018.11.30 12:57:00-DEBUG: arr x: [0. 1. 2. 3.], fit y:            5             4             3             2
-4.707e-08 x + 5.852e-08 x + 8.256e-07 x + 3.383e-06 x + 1.343e-06 x + 9.2
2018.11.30 12:57:00-DEBUG: char points: {'I00E': (0.0, 0.0), 'I00F': (1.0, 1.0), 'I010': (2.0, 4.0), 'I011': (3.0, 8.0)}
2018.11.30 12:57:00-INFO: sort_points started
2018.11.30 12:57:00-DEBUG: id numbers raised: [('0.0', 'I00E'), ('1.0', 'I00F'), ('2.0', 'I010'), ('3.0', 'I011')]
2018.11.30 12:57:00-INFO: sort_points ended
2018.11.30 12:57:00-DEBUG: {'0.0': 0.0, '1.0': 1.0, '2.0': 4.0, '3.0': 8.0}
2018.11.30 12:57:00-DEBUG: x: [0.0, 1.0, 2.0, 3.0], y:[0.0, 1.0, 4.0, 8.0]
2018.11.30 12:57:00-DEBUG: arr x: [0. 1. 2. 3.], arr y:[0. 1. 4. 8.]
2018.11.30 12:57:00-DEBUG: arr x: [0. 1. 2. 3.], fit y:          5            4          3          2
-0.01402 x + 0.003768 x + 0.1612 x + 0.7003 x + 0.1488 x - 1.776e-15
2018.11.30 12:57:00-DEBUG: is pipes defined: True
2018.11.30 12:57:00-INFO: pipes loss: 9.199999999999989
2018.11.30 12:57:00-INFO: pipes loss: 9.200005563213406
2018.11.30 12:57:00-INFO: pipes loss: 9.200022252853659
2018.11.30 12:57:00-INFO: pipes loss: 9.200050068920744
2018.11.30 12:57:00-DEBUG: x: [0.0, 1.0, 2.0, 3.0], y:[9.199999999999989, 9.200005563213406, 9.200022252853659, 9.200050068920744]
2018.11.30 12:57:00-DEBUG: arr x: [0. 1. 2. 3.], arr y:[9.2        9.20000556 9.20002225 9.20005007]
2018.11.30 12:57:00-DEBUG: arr x: [0. 1. 2. 3.], fit y:            5             4             3             2
-4.707e-08 x + 5.852e-08 x + 8.256e-07 x + 3.383e-06 x + 1.343e-06 x + 9.2
2018.11.30 12:57:04-INFO: get_coords started
2018.11.30 12:57:04-DEBUG: Add point method started
2018.11.30 12:57:04-DEBUG: types: flow: <class 'str'>, lift: <class 'str'>
2018.11.30 12:57:04-DEBUG: types: flow: <class 'float'>, lift: <class 'float'>
2018.11.30 12:57:04-INFO: sort_points started
2018.11.30 12:57:04-DEBUG: id numbers raised: [('0.0', 'I00E'), ('1.0', 'I00F'), ('2.0', 'I010'), ('3.0', 'I011'), ('4.0', 'I012')]
2018.11.30 12:57:04-INFO: sort_points ended
2018.11.30 12:57:04-DEBUG: {'0.0': 0.0, '1.0': 1.0, '2.0': 4.0, '3.0': 8.0, '4.0': 16.0}
2018.11.30 12:57:04-DEBUG: x: [0.0, 1.0, 2.0, 3.0, 4.0], y:[0.0, 1.0, 4.0, 8.0, 16.0]
2018.11.30 12:57:04-DEBUG: arr x: [0. 1. 2. 3. 4.], arr y:[ 0.  1.  4.  8. 16.]
2018.11.30 12:57:04-DEBUG: arr x: [0. 1. 2. 3. 4.], fit y:         5           4          3         2
0.02495 x - 0.08288 x - 0.2933 x + 2.086 x - 0.7344 x - 6.355e-15
2018.11.30 12:57:04-DEBUG: is pipes defined: True
2018.11.30 12:57:04-INFO: pipes loss: 9.199999999999989
2018.11.30 12:57:04-INFO: pipes loss: 9.200005563213406
2018.11.30 12:57:04-INFO: pipes loss: 9.200022252853659
2018.11.30 12:57:04-INFO: pipes loss: 9.200050068920744
2018.11.30 12:57:04-INFO: pipes loss: 9.200089011414667
2018.11.30 12:57:04-DEBUG: x: [0.0, 1.0, 2.0, 3.0, 4.0], y:[9.199999999999989, 9.200005563213406, 9.200022252853659, 9.200050068920744, 9.200089011414667]
2018.11.30 12:57:04-DEBUG: arr x: [0. 1. 2. 3. 4.], arr y:[9.2        9.20000556 9.20002225 9.20005007 9.20008901]
2018.11.30 12:57:04-DEBUG: arr x: [0. 1. 2. 3. 4.], fit y:           5             4             3            2
6.463e-09 x - 6.463e-08 x + 2.262e-07 x + 5.24e-06 x + 1.551e-07 x + 9.2
2018.11.30 12:57:04-DEBUG: char points: {'I00E': (0.0, 0.0), 'I00F': (1.0, 1.0), 'I010': (2.0, 4.0), 'I011': (3.0, 8.0), 'I012': (4.0, 16.0)}
2018.11.30 12:57:04-INFO: sort_points started
2018.11.30 12:57:04-DEBUG: id numbers raised: [('0.0', 'I00E'), ('1.0', 'I00F'), ('2.0', 'I010'), ('3.0', 'I011'), ('4.0', 'I012')]
2018.11.30 12:57:04-INFO: sort_points ended
2018.11.30 12:57:04-DEBUG: {'0.0': 0.0, '1.0': 1.0, '2.0': 4.0, '3.0': 8.0, '4.0': 16.0}
2018.11.30 12:57:04-DEBUG: x: [0.0, 1.0, 2.0, 3.0, 4.0], y:[0.0, 1.0, 4.0, 8.0, 16.0]
2018.11.30 12:57:04-DEBUG: arr x: [0. 1. 2. 3. 4.], arr y:[ 0.  1.  4.  8. 16.]
2018.11.30 12:57:04-DEBUG: arr x: [0. 1. 2. 3. 4.], fit y:         5           4          3         2
0.02495 x - 0.08288 x - 0.2933 x + 2.086 x - 0.7344 x - 6.355e-15
2018.11.30 12:57:04-DEBUG: is pipes defined: True
2018.11.30 12:57:04-INFO: pipes loss: 9.199999999999989
2018.11.30 12:57:04-INFO: pipes loss: 9.200005563213406
2018.11.30 12:57:04-INFO: pipes loss: 9.200022252853659
2018.11.30 12:57:04-INFO: pipes loss: 9.200050068920744
2018.11.30 12:57:04-INFO: pipes loss: 9.200089011414667
2018.11.30 12:57:04-DEBUG: x: [0.0, 1.0, 2.0, 3.0, 4.0], y:[9.199999999999989, 9.200005563213406, 9.200022252853659, 9.200050068920744, 9.200089011414667]
2018.11.30 12:57:04-DEBUG: arr x: [0. 1. 2. 3. 4.], arr y:[9.2        9.20000556 9.20002225 9.20005007 9.20008901]
2018.11.30 12:57:04-DEBUG: arr x: [0. 1. 2. 3. 4.], fit y:           5             4             3            2
6.463e-09 x - 6.463e-08 x + 2.262e-07 x + 5.24e-06 x + 1.551e-07 x + 9.2
2018.11.30 12:57:14-INFO: get_coords started
2018.11.30 12:57:14-DEBUG: Add point method started
2018.11.30 12:57:14-DEBUG: types: flow: <class 'str'>, lift: <class 'str'>
2018.11.30 12:57:14-DEBUG: types: flow: <class 'float'>, lift: <class 'float'>
2018.11.30 12:57:14-INFO: sort_points started
2018.11.30 12:57:14-DEBUG: id numbers raised: [('0.0', 'I00E'), ('1.0', 'I00F'), ('2.0', 'I010'), ('3.0', 'I011'), ('4.0', 'I012'), ('5.0', 'I013')]
2018.11.30 12:57:14-INFO: sort_points ended
2018.11.30 12:57:14-DEBUG: {'0.0': 0.0, '1.0': 1.0, '2.0': 4.0, '3.0': 8.0, '4.0': 16.0, '5.0': 32.0}
2018.11.30 12:57:14-DEBUG: x: [0.0, 1.0, 2.0, 3.0, 4.0, 5.0], y:[0.0, 1.0, 4.0, 8.0, 16.0, 32.0]
2018.11.30 12:57:14-DEBUG: arr x: [0. 1. 2. 3. 4. 5.], arr y:[ 0.  1.  4.  8. 16. 32.]
2018.11.30 12:57:14-DEBUG: arr x: [0. 1. 2. 3. 4. 5.], fit y:        5          4         3         2
-0.025 x + 0.4167 x - 2.042 x + 4.583 x - 1.933 x
2018.11.30 12:57:14-DEBUG: is pipes defined: True
2018.11.30 12:57:14-INFO: pipes loss: 9.199999999999989
2018.11.30 12:57:14-INFO: pipes loss: 9.200005563213406
2018.11.30 12:57:14-INFO: pipes loss: 9.200022252853659
2018.11.30 12:57:14-INFO: pipes loss: 9.200050068920744
2018.11.30 12:57:14-INFO: pipes loss: 9.200089011414667
2018.11.30 12:57:14-INFO: pipes loss: 9.200139080335424
2018.11.30 12:57:14-DEBUG: x: [0.0, 1.0, 2.0, 3.0, 4.0, 5.0], y:[9.199999999999989, 9.200005563213406, 9.200022252853659, 9.200050068920744, 9.200089011414667, 9.200139080335424]
2018.11.30 12:57:14-DEBUG: arr x: [0. 1. 2. 3. 4. 5.], arr y:[9.2        9.20000556 9.20002225 9.20005007 9.20008901 9.20013908]
2018.11.30 12:57:14-DEBUG: arr x: [0. 1. 2. 3. 4. 5.], fit y:            5             4             3             2
-5.376e-17 x + 2.728e-16 x + 1.829e-16 x + 5.563e-06 x + 3.234e-15 x + 9.2
2018.11.30 12:57:14-DEBUG: char points: {'I00E': (0.0, 0.0), 'I00F': (1.0, 1.0), 'I010': (2.0, 4.0), 'I011': (3.0, 8.0), 'I012': (4.0, 16.0), 'I013': (5.0, 32.0)}
2018.11.30 12:57:14-INFO: sort_points started
2018.11.30 12:57:14-DEBUG: id numbers raised: [('0.0', 'I00E'), ('1.0', 'I00F'), ('2.0', 'I010'), ('3.0', 'I011'), ('4.0', 'I012'), ('5.0', 'I013')]
2018.11.30 12:57:14-INFO: sort_points ended
2018.11.30 12:57:14-DEBUG: {'0.0': 0.0, '1.0': 1.0, '2.0': 4.0, '3.0': 8.0, '4.0': 16.0, '5.0': 32.0}
2018.11.30 12:57:14-DEBUG: x: [0.0, 1.0, 2.0, 3.0, 4.0, 5.0], y:[0.0, 1.0, 4.0, 8.0, 16.0, 32.0]
2018.11.30 12:57:14-DEBUG: arr x: [0. 1. 2. 3. 4. 5.], arr y:[ 0.  1.  4.  8. 16. 32.]
2018.11.30 12:57:14-DEBUG: arr x: [0. 1. 2. 3. 4. 5.], fit y:        5          4         3         2
-0.025 x + 0.4167 x - 2.042 x + 4.583 x - 1.933 x
2018.11.30 12:57:14-DEBUG: is pipes defined: True
2018.11.30 12:57:14-INFO: pipes loss: 9.199999999999989
2018.11.30 12:57:14-INFO: pipes loss: 9.200005563213406
2018.11.30 12:57:14-INFO: pipes loss: 9.200022252853659
2018.11.30 12:57:14-INFO: pipes loss: 9.200050068920744
2018.11.30 12:57:14-INFO: pipes loss: 9.200089011414667
2018.11.30 12:57:14-INFO: pipes loss: 9.200139080335424
2018.11.30 12:57:14-DEBUG: x: [0.0, 1.0, 2.0, 3.0, 4.0, 5.0], y:[9.199999999999989, 9.200005563213406, 9.200022252853659, 9.200050068920744, 9.200089011414667, 9.200139080335424]
2018.11.30 12:57:14-DEBUG: arr x: [0. 1. 2. 3. 4. 5.], arr y:[9.2        9.20000556 9.20002225 9.20005007 9.20008901 9.20013908]
2018.11.30 12:57:14-DEBUG: arr x: [0. 1. 2. 3. 4. 5.], fit y:            5             4             3             2
-5.376e-17 x + 2.728e-16 x + 1.829e-16 x + 5.563e-06 x + 3.234e-15 x + 9.2
2018.11.30 12:57:31-INFO: get_coords started
2018.11.30 12:57:31-DEBUG: Add point method started
2018.11.30 12:57:31-DEBUG: types: flow: <class 'str'>, lift: <class 'str'>
2018.11.30 12:57:31-DEBUG: types: flow: <class 'float'>, lift: <class 'float'>
2018.11.30 12:57:31-INFO: sort_points started
2018.11.30 12:57:31-DEBUG: id numbers raised: [('0.0', 'I00E'), ('1.0', 'I00F'), ('2.0', 'I010'), ('3.0', 'I011'), ('4.0', 'I012'), ('5.0', 'I013'), ('6.0', 'I014')]
2018.11.30 12:57:31-INFO: sort_points ended
2018.11.30 12:57:31-DEBUG: {'0.0': 0.0, '1.0': 1.0, '2.0': 4.0, '3.0': 8.0, '4.0': 16.0, '5.0': 32.0, '6.0': 64.0}
2018.11.30 12:57:31-DEBUG: x: [0.0, 1.0, 2.0, 3.0, 4.0, 5.0, 6.0], y:[0.0, 1.0, 4.0, 8.0, 16.0, 32.0, 64.0]
2018.11.30 12:57:31-DEBUG: arr x: [0. 1. 2. 3. 4. 5. 6.], arr y:[ 0.  1.  4.  8. 16. 32. 64.]
2018.11.30 12:57:31-DEBUG: arr x: [0. 1. 2. 3. 4. 5. 6.], fit y:           5          4          3         2
5.227e-16 x + 0.1098 x - 0.7348 x + 2.345 x - 0.6742 x - 0.006494
2018.11.30 12:57:31-DEBUG: is pipes defined: True
2018.11.30 12:57:31-INFO: pipes loss: 9.199999999999989
2018.11.30 12:57:31-INFO: pipes loss: 9.200005563213406
2018.11.30 12:57:31-INFO: pipes loss: 9.200022252853659
2018.11.30 12:57:31-INFO: pipes loss: 9.200050068920744
2018.11.30 12:57:31-INFO: pipes loss: 9.200089011414667
2018.11.30 12:57:31-INFO: pipes loss: 9.200139080335424
2018.11.30 12:57:31-INFO: pipes loss: 9.200200275683015
2018.11.30 12:57:31-DEBUG: x: [0.0, 1.0, 2.0, 3.0, 4.0, 5.0, 6.0], y:[9.199999999999989, 9.200005563213406, 9.200022252853659, 9.200050068920744, 9.200089011414667, 9.200139080335424, 9.200200275683015]
2018.11.30 12:57:31-DEBUG: arr x: [0. 1. 2. 3. 4. 5. 6.], arr y:[9.2        9.20000556 9.20002225 9.20005007 9.20008901 9.20013908
 9.20020028]
2018.11.30 12:57:31-DEBUG: arr x: [0. 1. 2. 3. 4. 5. 6.], fit y:           5             4             3             2
7.696e-17 x - 1.152e-15 x + 6.391e-15 x + 5.563e-06 x + 1.022e-14 x + 9.2
2018.11.30 12:57:31-DEBUG: char points: {'I00E': (0.0, 0.0), 'I00F': (1.0, 1.0), 'I010': (2.0, 4.0), 'I011': (3.0, 8.0), 'I012': (4.0, 16.0), 'I013': (5.0, 32.0), 'I014': (6.0, 64.0)}
2018.11.30 12:57:31-INFO: sort_points started
2018.11.30 12:57:31-DEBUG: id numbers raised: [('0.0', 'I00E'), ('1.0', 'I00F'), ('2.0', 'I010'), ('3.0', 'I011'), ('4.0', 'I012'), ('5.0', 'I013'), ('6.0', 'I014')]
2018.11.30 12:57:31-INFO: sort_points ended
2018.11.30 12:57:31-DEBUG: {'0.0': 0.0, '1.0': 1.0, '2.0': 4.0, '3.0': 8.0, '4.0': 16.0, '5.0': 32.0, '6.0': 64.0}
2018.11.30 12:57:31-DEBUG: x: [0.0, 1.0, 2.0, 3.0, 4.0, 5.0, 6.0], y:[0.0, 1.0, 4.0, 8.0, 16.0, 32.0, 64.0]
2018.11.30 12:57:31-DEBUG: arr x: [0. 1. 2. 3. 4. 5. 6.], arr y:[ 0.  1.  4.  8. 16. 32. 64.]
2018.11.30 12:57:31-DEBUG: arr x: [0. 1. 2. 3. 4. 5. 6.], fit y:           5          4          3         2
5.227e-16 x + 0.1098 x - 0.7348 x + 2.345 x - 0.6742 x - 0.006494
2018.11.30 12:57:31-DEBUG: is pipes defined: True
2018.11.30 12:57:31-INFO: pipes loss: 9.199999999999989
2018.11.30 12:57:31-INFO: pipes loss: 9.200005563213406
2018.11.30 12:57:31-INFO: pipes loss: 9.200022252853659
2018.11.30 12:57:31-INFO: pipes loss: 9.200050068920744
2018.11.30 12:57:31-INFO: pipes loss: 9.200089011414667
2018.11.30 12:57:31-INFO: pipes loss: 9.200139080335424
2018.11.30 12:57:31-INFO: pipes loss: 9.200200275683015
2018.11.30 12:57:31-DEBUG: x: [0.0, 1.0, 2.0, 3.0, 4.0, 5.0, 6.0], y:[9.199999999999989, 9.200005563213406, 9.200022252853659, 9.200050068920744, 9.200089011414667, 9.200139080335424, 9.200200275683015]
2018.11.30 12:57:31-DEBUG: arr x: [0. 1. 2. 3. 4. 5. 6.], arr y:[9.2        9.20000556 9.20002225 9.20005007 9.20008901 9.20013908
 9.20020028]
2018.11.30 12:57:31-DEBUG: arr x: [0. 1. 2. 3. 4. 5. 6.], fit y:           5             4             3             2
7.696e-17 x - 1.152e-15 x + 6.391e-15 x + 5.563e-06 x + 1.022e-14 x + 9.2
2018.11.30 12:57:38-INFO: pump_delete_button started
2018.11.30 12:57:38-INFO: delete_point started
2018.11.30 12:57:38-DEBUG: point to delete: (6.0, 64.0)
2018.11.30 12:57:38-DEBUG: actual dict: {'I00E': (0.0, 0.0), 'I00F': (1.0, 1.0), 'I010': (2.0, 4.0), 'I011': (3.0, 8.0), 'I012': (4.0, 16.0), 'I013': (5.0, 32.0)}
2018.11.30 12:57:38-INFO: sort_points started
2018.11.30 12:57:38-DEBUG: id numbers raised: [('0.0', 'I00E'), ('1.0', 'I00F'), ('2.0', 'I010'), ('3.0', 'I011'), ('4.0', 'I012'), ('5.0', 'I013')]
2018.11.30 12:57:38-INFO: sort_points ended
2018.11.30 12:57:38-DEBUG: {'0.0': 0.0, '1.0': 1.0, '2.0': 4.0, '3.0': 8.0, '4.0': 16.0, '5.0': 32.0}
2018.11.30 12:57:38-DEBUG: x: [0.0, 1.0, 2.0, 3.0, 4.0, 5.0], y:[0.0, 1.0, 4.0, 8.0, 16.0, 32.0]
2018.11.30 12:57:38-DEBUG: arr x: [0. 1. 2. 3. 4. 5.], arr y:[ 0.  1.  4.  8. 16. 32.]
2018.11.30 12:57:38-DEBUG: arr x: [0. 1. 2. 3. 4. 5.], fit y:        5          4         3         2
-0.025 x + 0.4167 x - 2.042 x + 4.583 x - 1.933 x
2018.11.30 12:57:38-DEBUG: is pipes defined: True
2018.11.30 12:57:38-INFO: pipes loss: 9.199999999999989
2018.11.30 12:57:38-INFO: pipes loss: 9.200005563213406
2018.11.30 12:57:38-INFO: pipes loss: 9.200022252853659
2018.11.30 12:57:38-INFO: pipes loss: 9.200050068920744
2018.11.30 12:57:38-INFO: pipes loss: 9.200089011414667
2018.11.30 12:57:38-INFO: pipes loss: 9.200139080335424
2018.11.30 12:57:38-DEBUG: x: [0.0, 1.0, 2.0, 3.0, 4.0, 5.0], y:[9.199999999999989, 9.200005563213406, 9.200022252853659, 9.200050068920744, 9.200089011414667, 9.200139080335424]
2018.11.30 12:57:38-DEBUG: arr x: [0. 1. 2. 3. 4. 5.], arr y:[9.2        9.20000556 9.20002225 9.20005007 9.20008901 9.20013908]
2018.11.30 12:57:38-DEBUG: arr x: [0. 1. 2. 3. 4. 5.], fit y:            5             4             3             2
-5.376e-17 x + 2.728e-16 x + 1.829e-16 x + 5.563e-06 x + 3.234e-15 x + 9.2
2018.11.30 12:57:38-INFO: delete_points ended
2018.11.30 12:57:39-INFO: pump_delete_button started
2018.11.30 12:57:39-INFO: delete_point started
2018.11.30 12:57:39-DEBUG: point to delete: (5.0, 32.0)
2018.11.30 12:57:39-DEBUG: actual dict: {'I00E': (0.0, 0.0), 'I00F': (1.0, 1.0), 'I010': (2.0, 4.0), 'I011': (3.0, 8.0), 'I012': (4.0, 16.0)}
2018.11.30 12:57:39-INFO: sort_points started
2018.11.30 12:57:39-DEBUG: id numbers raised: [('0.0', 'I00E'), ('1.0', 'I00F'), ('2.0', 'I010'), ('3.0', 'I011'), ('4.0', 'I012')]
2018.11.30 12:57:39-INFO: sort_points ended
2018.11.30 12:57:39-DEBUG: {'0.0': 0.0, '1.0': 1.0, '2.0': 4.0, '3.0': 8.0, '4.0': 16.0}
2018.11.30 12:57:39-DEBUG: x: [0.0, 1.0, 2.0, 3.0, 4.0], y:[0.0, 1.0, 4.0, 8.0, 16.0]
2018.11.30 12:57:39-DEBUG: arr x: [0. 1. 2. 3. 4.], arr y:[ 0.  1.  4.  8. 16.]
2018.11.30 12:57:39-DEBUG: arr x: [0. 1. 2. 3. 4.], fit y:         5           4          3         2
0.02495 x - 0.08288 x - 0.2933 x + 2.086 x - 0.7344 x - 6.355e-15
2018.11.30 12:57:39-DEBUG: is pipes defined: True
2018.11.30 12:57:39-INFO: pipes loss: 9.199999999999989
2018.11.30 12:57:39-INFO: pipes loss: 9.200005563213406
2018.11.30 12:57:39-INFO: pipes loss: 9.200022252853659
2018.11.30 12:57:39-INFO: pipes loss: 9.200050068920744
2018.11.30 12:57:39-INFO: pipes loss: 9.200089011414667
2018.11.30 12:57:39-DEBUG: x: [0.0, 1.0, 2.0, 3.0, 4.0], y:[9.199999999999989, 9.200005563213406, 9.200022252853659, 9.200050068920744, 9.200089011414667]
2018.11.30 12:57:39-DEBUG: arr x: [0. 1. 2. 3. 4.], arr y:[9.2        9.20000556 9.20002225 9.20005007 9.20008901]
2018.11.30 12:57:39-DEBUG: arr x: [0. 1. 2. 3. 4.], fit y:           5             4             3            2
6.463e-09 x - 6.463e-08 x + 2.262e-07 x + 5.24e-06 x + 1.551e-07 x + 9.2
2018.11.30 12:57:39-INFO: delete_points ended
2018.11.30 12:57:41-INFO: pump_delete_button started
2018.11.30 12:57:41-INFO: delete_point started
2018.11.30 12:57:41-DEBUG: point to delete: (4.0, 16.0)
2018.11.30 12:57:41-DEBUG: actual dict: {'I00E': (0.0, 0.0), 'I00F': (1.0, 1.0), 'I010': (2.0, 4.0), 'I011': (3.0, 8.0)}
2018.11.30 12:57:41-INFO: sort_points started
2018.11.30 12:57:41-DEBUG: id numbers raised: [('0.0', 'I00E'), ('1.0', 'I00F'), ('2.0', 'I010'), ('3.0', 'I011')]
2018.11.30 12:57:41-INFO: sort_points ended
2018.11.30 12:57:41-DEBUG: {'0.0': 0.0, '1.0': 1.0, '2.0': 4.0, '3.0': 8.0}
2018.11.30 12:57:41-DEBUG: x: [0.0, 1.0, 2.0, 3.0], y:[0.0, 1.0, 4.0, 8.0]
2018.11.30 12:57:41-DEBUG: arr x: [0. 1. 2. 3.], arr y:[0. 1. 4. 8.]
2018.11.30 12:57:41-DEBUG: arr x: [0. 1. 2. 3.], fit y:          5            4          3          2
-0.01402 x + 0.003768 x + 0.1612 x + 0.7003 x + 0.1488 x - 1.776e-15
2018.11.30 12:57:41-DEBUG: is pipes defined: True
2018.11.30 12:57:41-INFO: pipes loss: 9.199999999999989
2018.11.30 12:57:41-INFO: pipes loss: 9.200005563213406
2018.11.30 12:57:41-INFO: pipes loss: 9.200022252853659
2018.11.30 12:57:41-INFO: pipes loss: 9.200050068920744
2018.11.30 12:57:41-DEBUG: x: [0.0, 1.0, 2.0, 3.0], y:[9.199999999999989, 9.200005563213406, 9.200022252853659, 9.200050068920744]
2018.11.30 12:57:41-DEBUG: arr x: [0. 1. 2. 3.], arr y:[9.2        9.20000556 9.20002225 9.20005007]
2018.11.30 12:57:41-DEBUG: arr x: [0. 1. 2. 3.], fit y:            5             4             3             2
-4.707e-08 x + 5.852e-08 x + 8.256e-07 x + 3.383e-06 x + 1.343e-06 x + 9.2
2018.11.30 12:57:41-INFO: delete_points ended
2018.11.30 12:57:53-INFO: get_coords started
2018.11.30 12:57:53-DEBUG: Add point method started
2018.11.30 12:57:53-DEBUG: types: flow: <class 'str'>, lift: <class 'str'>
2018.11.30 12:57:53-DEBUG: types: flow: <class 'float'>, lift: <class 'float'>
2018.11.30 12:57:53-INFO: sort_points started
2018.11.30 12:57:53-DEBUG: id numbers raised: [('0.0', 'I00E'), ('1.0', 'I00F'), ('2.0', 'I010'), ('3.0', 'I011'), ('4.0', 'I015')]
2018.11.30 12:57:53-INFO: sort_points ended
2018.11.30 12:57:53-DEBUG: {'0.0': 0.0, '1.0': 1.0, '2.0': 4.0, '3.0': 8.0, '4.0': 16.0}
2018.11.30 12:57:53-DEBUG: x: [0.0, 1.0, 2.0, 3.0, 4.0], y:[0.0, 1.0, 4.0, 8.0, 16.0]
2018.11.30 12:57:53-DEBUG: arr x: [0. 1. 2. 3. 4.], arr y:[ 0.  1.  4.  8. 16.]
2018.11.30 12:57:53-DEBUG: arr x: [0. 1. 2. 3. 4.], fit y:         5           4          3         2
0.02495 x - 0.08288 x - 0.2933 x + 2.086 x - 0.7344 x - 6.355e-15
2018.11.30 12:57:53-DEBUG: is pipes defined: True
2018.11.30 12:57:53-INFO: pipes loss: 9.199999999999989
2018.11.30 12:57:53-INFO: pipes loss: 9.200005563213406
2018.11.30 12:57:53-INFO: pipes loss: 9.200022252853659
2018.11.30 12:57:53-INFO: pipes loss: 9.200050068920744
2018.11.30 12:57:53-INFO: pipes loss: 9.200089011414667
2018.11.30 12:57:53-DEBUG: x: [0.0, 1.0, 2.0, 3.0, 4.0], y:[9.199999999999989, 9.200005563213406, 9.200022252853659, 9.200050068920744, 9.200089011414667]
2018.11.30 12:57:53-DEBUG: arr x: [0. 1. 2. 3. 4.], arr y:[9.2        9.20000556 9.20002225 9.20005007 9.20008901]
2018.11.30 12:57:53-DEBUG: arr x: [0. 1. 2. 3. 4.], fit y:           5             4             3            2
6.463e-09 x - 6.463e-08 x + 2.262e-07 x + 5.24e-06 x + 1.551e-07 x + 9.2
2018.11.30 12:57:53-DEBUG: char points: {'I00E': (0.0, 0.0), 'I00F': (1.0, 1.0), 'I010': (2.0, 4.0), 'I011': (3.0, 8.0), 'I015': (4.0, 16.0)}
2018.11.30 12:57:53-INFO: sort_points started
2018.11.30 12:57:53-DEBUG: id numbers raised: [('0.0', 'I00E'), ('1.0', 'I00F'), ('2.0', 'I010'), ('3.0', 'I011'), ('4.0', 'I015')]
2018.11.30 12:57:53-INFO: sort_points ended
2018.11.30 12:57:53-DEBUG: {'0.0': 0.0, '1.0': 1.0, '2.0': 4.0, '3.0': 8.0, '4.0': 16.0}
2018.11.30 12:57:53-DEBUG: x: [0.0, 1.0, 2.0, 3.0, 4.0], y:[0.0, 1.0, 4.0, 8.0, 16.0]
2018.11.30 12:57:53-DEBUG: arr x: [0. 1. 2. 3. 4.], arr y:[ 0.  1.  4.  8. 16.]
2018.11.30 12:57:53-DEBUG: arr x: [0. 1. 2. 3. 4.], fit y:         5           4          3         2
0.02495 x - 0.08288 x - 0.2933 x + 2.086 x - 0.7344 x - 6.355e-15
2018.11.30 12:57:53-DEBUG: is pipes defined: True
2018.11.30 12:57:53-INFO: pipes loss: 9.199999999999989
2018.11.30 12:57:53-INFO: pipes loss: 9.200005563213406
2018.11.30 12:57:53-INFO: pipes loss: 9.200022252853659
2018.11.30 12:57:53-INFO: pipes loss: 9.200050068920744
2018.11.30 12:57:53-INFO: pipes loss: 9.200089011414667
2018.11.30 12:57:53-DEBUG: x: [0.0, 1.0, 2.0, 3.0, 4.0], y:[9.199999999999989, 9.200005563213406, 9.200022252853659, 9.200050068920744, 9.200089011414667]
2018.11.30 12:57:53-DEBUG: arr x: [0. 1. 2. 3. 4.], arr y:[9.2        9.20000556 9.20002225 9.20005007 9.20008901]
2018.11.30 12:57:53-DEBUG: arr x: [0. 1. 2. 3. 4.], fit y:           5             4             3            2
6.463e-09 x - 6.463e-08 x + 2.262e-07 x + 5.24e-06 x + 1.551e-07 x + 9.2
